13086170
8302291
15118582
No Solution
381736
357320
2346888
No Solution
45725
No Solution
50317120
69459606
No Solution
2596393
981823
3739940
4056828
16581
No Solution
1007964
37977
No Solution
11372966
1125894
No Solution
206790
3506528
No Solution
No Solution
167841
No Solution
No Solution
25432
2477340
799197
No Solution
22923739
45751
2543725
94261
No Solution
No Solution
No Solution
76623
No Solution
52254
No Solution
4066330
11738
61844
No Solution
No Solution
No Solution
No Solution
5426
679483
3804748
1115022
366720
746347
46182091
No Solution
107141
1092906
2979852
No Solution
47595948
1910350
842
2831470
39713
2285765
549498
No Solution
78752128
96329
8617
38917
7031316
59331
37778978
391
351715
No Solution
42718158
57472396
No Solution
934372
No Solution
3705406
421330
311169
161244647
3459341
554209
62874982
198735
No Solution
No Solution
2734444
