21
14
21
14
26
16
11
8
12
9
20
6
4
4
16
15
5
10
9
3
10
6
4
5
4
9
6
2
3
6
1
7
2
3
1
3
17
5
5
3
6
6
5
11
7
9
5
2
3
2
4
5
3
3
1
4
1
1
2
2
3
5
4
1
3
2
3
3
2
4
1
6
2
5
5
8
2
4
2
4
4
2
1
0
4
7
1
4
0
3
1
2
2
3
2
2
1
2
2
2
0
4
1
1
5
0
3
3
3
1
3
1
3
8
2
4
1
2
3
2
7
1
0
4
6
5
17
4
3
2
6
2
0
0
3
1
1
8
1
2
0
0
1
2
6
3
0
3
1
0
2
2
2
1
2
1
0
1
1
1
1
2
1
0
2
1
0
5
0
2
2
1
0
1
0
4
3
0
0
3
1
0
0
3
1
4
1
0
1
1
2
1
1
2
2
2
2
1
0
0
0
0
0
5
1
9
1
0
0
1
2
0
0
9
1
1
0
0
1
1
1
1
4
1
7
0
7
1
1
4
1
2
1
2
0
0
1
0
1
1
1
1
3
1
0
1
2
0
1
1
1
2
1
2
1
1
1
3
0
1
2
1
0
1
0
0
1
3
1
2
0
0
0
0
0
2
2
0
0
1
2
1
1
1
0
0
0
1
2
0
0
2
11
0
1
0
0
1
1
4
0
0
0
1
0
2
1
0
0
0
1
0
2
1
0
1
1
1
0
0
0
0
1
0
1
2
1
0
0
1
1
1
0
1
0
0
0
0
0
0
0
0
1
1
0
1
0
1
0
0
2
1
0
0
0
0
0
0
0
0
0
1
0
0
0
1
0
0
0
0
0
6
0
1
0
0
1
1
0
0
1
0
0
0
1
1
0
1
0
0
0
1
0
0
0
0
0
0
0
0
0
0
0
0
1
0
0
0
1
0
1
0
0
0
1
1
1
0
0
0
0
0
1
0
0
0
1
0
1
0
0
0
1
0
0
0
0
0
0
0
0
1
1
0
3
0
0
1
0
0
0
0
0
0
0
3
0
0
0
0
0
0
0
0
0
0
0
0
0
1
0
0
0
0
15
0
0
0
0
1
0
0
0
0
0
1
0
0
0
0
1
0
1
0
0
0
0
1
0
0
0
0
0
0
1
0
0
0
0
0
0
0
0
0
0
0
0
0
1
1
0
0
0
1
0
0
0
0
0
0
0
1
1
0
0
0
0
0
0
0
0
0
0
0
1
0
1
0
0
0
0
0
0
0
0
1
0
0
0
0
0
0
0
0
0
0
0
0
0
0
0
0
0
0
2
0
0
0
0
0
0
0
0
0
0
0
0
0
0
0
0
1
0
1
0
0
1
0
0
0
0
0
0
0
1
0
0
0
0
0
1
0
1
0
0
0
1
0
0
0
0
0
0
0
0
0
0
0
0
0
0
0
0
0
0
0
0
0
1
0
1
0
0
0
0
0
0
0
0
0
0
0
0
0
0
1
0
0
0
0
0
0
0
0
0
0
0
0
0
0
0
0
0
0
0
0
0
1
0
0
0
0
0
0
0
0
0
0
0
0
0
1
0
0
0
0
0
0
0
0
0
0
0
0
0
0
0
0
0
0
0
0
0
0
0
0
0
0
0
0
0
0
0
0
0
0
0
0
0
0
0
0
0
0
0
0
0
0
0
0
0
0
0
0
0
0
0
0
0
0
0
0
0
0
0
0
0
0
0
0
0
0
5
0
0
0
0
0
0
0
0
0
0
0
0
0
0
0
0
0
0
0
0
0
0
0
0
0
0
1
0
0
0
0
0
0
0
0
0
0
0
0
0
0
0
0
0
0
0
0
0
0
0
0
0
0
0
0
0
0
0
0
0
0
0
0
0
0
0
0
0
0
0
0
0
0
0
0
0
0
0
0
0
0
0
0
0
0
0
0
0
0
0
0
0
0
0
0
0
0
0
0
0
0
0
0
0
0
0
0
0
0
0
0
0
0
0
0
0
0
0
0
0
0
0
0
1
0
0
0
0
0
1
0
0
0
0
0
1
0
0
0
0
0
0
0
0
0
0
0
0
0
0
0
0
0
0
0
0
0
0
0
0
0
0
0
0
0
0
0
0
0
0
0
0
0
0
0
0
0
0
0
0
0
0
0
0
0
0
0
0
0
0
0
0
0
0
0
0
0
0
0
0
0
0
0
0
0
0
0
0
0
0
0
0
0
0
0
0
0
0
0
0
0
0
0
0
0
0
0
0
0
0
0
0
0
0
0
0
2
