49
35
6
6
49
36
16
6
6
6
49
49
49
25
36
6
49
35
54
6
6
6
49
49
49
36
56
35
66
36
49
36
6
49
49
74
36
6
49
49
77
6
49
73
6
92
49
16
92
66
3
92
92
49
49
54
49
92
49
36
92
64
0
102
3
92
77
102
6
53
92
49
49
113
16
16
102
6
113
6
92
102
90
113
64
49
68
49
49
49
92
92
102
6
64
6
49
49
49
16
92
35
92
92
119
0
0
49
49
153
153
49
153
49
153
102
153
49
49
119
119
102
49
153
178
153
178
153
49
49
153
178
145
3
175
102
145
178
49
178
53
175
153
3
49
153
153
178
113
178
102
175
102
167
3
153
175
49
0
3
175
49
153
49
49
153
49
178
113
175
178
175
178
102
49
153
175
153
175
153
178
175
102
153
153
113
153
175
113
232
153
3
232
153
178
178
153
145
3
232
153
153
178
232
153
247
178
243
53
232
175
185
232
153
178
255
247
145
265
145
153
153
153
175
175
255
153
247
247
175
145
153
265
153
153
255
145
153
265
153
145
247
255
265
247
255
153
153
153
247
153
153
153
153
153
113
145
153
113
153
232
153
255
153
302
265
153
153
265
265
247
265
301
153
153
153
102
145
153
153
175
153
153
232
153
255
255
102
153
153
153
265
153
145
243
102
153
153
102
175
153
102
265
232
247
175
255
153
255
153
255
247
153
3
153
255
341
185
167
232
113
346
153
49
113
49
153
247
153
363
49
153
3
102
232
363
255
363
102
302
337
153
255
167
153
153
265
363
232
302
153
153
153
175
185
255
113
363
153
153
153
247
232
247
153
175
153
363
255
265
153
378
232
153
102
153
153
153
153
185
153
247
153
153
153
265
346
175
153
247
247
153
153
153
102
49
255
102
153
153
247
153
363
153
167
232
255
153
247
167
175
102
232
153
255
404
153
232
452
175
363
153
102
153
476
153
243
153
302
113
102
302
476
153
363
482
153
247
404
113
153
153
49
3
153
476
153
247
102
153
153
153
153
175
153
476
153
476
363
476
482
243
153
265
247
153
482
232
363
302
185
247
153
153
476
476
302
153
167
102
