208
192
247
397
535
491
199
186
300
444
577
797
219
174
186
315
369
602
147
255
104
261
454
566
140
232
240
574
631
290
226
88
351
292
324
437
188
225
240
360
252
522
133
170
282
468
475
498
233
196
367
430
388
389
203
95
392
268
383
559
147
149
263
375
537
456
157
191
280
541
444
419
333
189
176
421
413
492
186
112
231
280
230
467
227
181
177
376
371
317
187
90
162
617
375
572
185
266
284
381
253
508
238
209
162
412
370
555
221
247
241
520
295
638
240
250
277
458
256
433
167
187
325
405
418
436
192
221
274
444
317
441
131
163
369
479
290
202
92
153
198
390
444
440
117
247
271
334
512
392
123
154
250
403
292
384
140
220
251
481
448
355
191
216
239
414
507
542
187
147
332
311
395
750
251
329
268
354
352
529
1418
1330
1857
3420
4881
5886
1678
1027
2244
5785
4422
5164
1200
1560
1881
4781
4128
6209
1325
1563
1749
5845
4812
4707
1226
1499
2275
4701
5295
8451
1400
1106
1636
6095
4938
8053
960
1645
1983
3696
4933
5282
1428
1189
1744
3744
5976
4608
1467
1206
1398
3508
2877
6735
1153
1280
1902
4705
4210
6959
