217
641
283
491
208
99
409
703
305
1000
462
839
810
510
654
439
999
644
650
971
228
455
465
585
510
574
95
175
482
87
238
698
411
477
512
966
861
932
671
661
947
869
677
465
987
725
70
22
799
57
832
649
715
759
108
408
981
699
733
277
800
704
650
993
958
95
431
116
300
68
693
95
530
657
337
207
843
95
810
347
963
797
753
774
238
286
95
526
713
287
374
603
632
280
450
999
295
95
752
649
988
418
956
174
346
95
266
838
101
95
384
798
884
855
523
461
986
48
507
780
391
744
724
378
95
728
150
398
112
244
485
241
763
762
528
710
95
95
357
458
95
853
958
456
243
964
713
840
582
717
657
899
858
634
472
712
906
370
763
222
609
484
551
496
467
244
350
391
311
323
214
583
391
532
493
759
760
21
45
484
693
723
118
801
866
695
706
699
400
305
724
165
534
45
900
574
381
1000
101
243
809
308
243
735
775
829
701
465
175
740
243
625
808
246
463
508
45
334
243
59
45
490
970
652
457
920
728
528
541
338
45
894
45
878
665
326
626
525
688
688
507
243
962
709
344
243
951
980
778
481
533
791
571
897
243
690
243
243
243
934
464
495
995
741
737
45
243
243
968
569
848
891
543
243
383
501
243
875
45
580
193
243
425
45
822
243
36
585
36
243
476
693
945
547
716
933
632
637
45
388
329
449
500
243
407
996
45
971
461
960
506
45
45
778
997
243
961
833
953
45
45
243
429
45
243
921
279
577
770
662
935
243
45
970
848
45
991
993
982
791
243
832
243
797
755
243
45
224
993
243
243
243
946
569
848
243
243
937
45
879
681
655
737
662
243
430
243
138
243
627
346
243
672
243
137
937
243
243
900
243
243
521
910
45
243
493
243
826
880
243
243
45
243
243
709
45
115
966
410
626
707
726
893
243
243
540
243
659
712
618
45
243
273
550
38
938
26
618
901
243
45
243
738
243
243
243
45
133
243
45
243
808
994
995
243
243
45
45
992
243
243
853
45
243
706
243
45
243
243
90
45
240
243
243
243
847
646
814
243
637
243
685
747
243
373
719
743
243
489
243
138
617
816
373
784
537
243
45
642
243
259
243
842
243
45
45
805
715
939
243
79
940
243
924
594
420
955
937
243
788
243
671
243
712
353
243
518
243
853
986
243
45
777
243
