-435930
-1037900
-1354450
-913599
-2256561
-718383
-601970
-1363440
-759193
-1988737
-365624
-447185
3028208
-254972
2174976
-1224011
-1489906
-1906254
653296
-52936
524382
-942134
-405156
3156521
2489302
3143498
2297552
3354025
-995383
1701037
-1418127
2207197
197104
-91646
492876
1604208
3131516
1554609
-1209457
1640828
-409338
-1472916
531173
1765034
2158537
1600831
1587338
71944
1495880
3516412
2374124
1518028
111887
796054
1621825
1129595
3846745
4158751
3418926
777688
2227400
3298236
2189798
4348512
1236223
170384
1407247
1214408
2531221
1351672
2297010
2940278
-750810
1298748
1857789
237543
1443003
4046334
3823050
2573627
1836870
-995902
1874635
3749953
1057224
2026355
3030944
2668491
455590
1398829
1779720
6917601
-369177
3213554
6679778
2691595
2372738
889349
4747927
3403255
4872343
765483
2400581
4074076
3846310
1496840
1611211
3711623
-308782
1461384
4540539
1587926
6661086
1683825
4977261
1822943
3872624
1308888
2666397
3796914
860232
5541587
5843638
4840964
1042199
4675013
3174563
5190233
6629752
-107022
4321131
3529645
4167353
4044946
1015825
4746239
6045179
2173154
4417002
7004613
8158533
6220885
47185
-783898
4374385
4129846
1381963
1512370
6370531
5306840
1313226
7264415
2172434
4602625
6378899
5505118
2399660
7039912
2467070
3577179
3809483
8115584
8222105
5028514
9200670
3276680
9789596
-1041433
441947
4839017
5522522
75458
5104141
1943559
4224002
3978678
6179288
5194503
3747684
5120938
6003569
4030153
6443771
3753986
5835804
1474473
5393848
947523
534438
907622
3410949
3966336
8397606
6713980
4647177
11311162
324608
1177988
2922122
5846290
2205479
6285044
992655
2682375
2429222
-252260
9265383
1385870
5819957
5401126
7720277
8004424
-76808
7091950
1334778
6214464
1699219
1650590
3774642
9627651
7733418
-293772
326137
2366070
6934342
3928121
1166910
7183013
8147471
4309715
2491560
5466245
390548
540110
961278
8011897
4689655
-1766831
317269
4316414
4829030
-223690
1795994
4949672
3170806
957673
6851228
10332796
729497
8916473
3443475
5962190
1668990
5906087
11498534
9145051
3160879
10999107
10879325
11348472
-18732
10166265
4169917
3307297
8996635
8624872
5399461
4304288
10702879
10957879
12935352
10060117
9380091
2245646
12915922
7574113
1797753
1278430
7794738
-353855
1475780
2249874
11866350
6043564
797873
9988113
7912267
10414913
11548179
8705468
4573748
2522904
6931046
7795939
7613296
8349741
8775281
10715946
11975134
13028273
8334369
7816871
1967624
-432571
9919032
2958877
-264895
-1050609
-1572963
5871349
94288
14320226
8803107
8150715
3800579
3110193
10204272
11909179
6555590
4800950
13261918
13294910
8716730
11372823
4678933
325075
6308752
7912846
1108635
1493939
-797817
13114183
12789849
13805084
6564666
9390359
9508145
3860690
2280617
6173874
7424309
7312089
-353972
335225
10508387
-1289427
1458351
10117786
7466585
2013448
10780344
9907096
3890556
-1140392
595960
563929
6200502
11030389
8271990
1228646
4536132
9385279
5336847
1541721
4009869
-664229
9449110
2970612
10427824
5404052
8442785
2959780
7050329
4788243
7870150
1451833
7981848
12100405
4271186
8702382
2936463
622005
106220
8526250
10589865
5063773
10778199
5112367
11355469
10585573
9099471
2531610
4824273
6515948
5073404
11962948
3837171
3451924
518559
11024772
9297311
53562
5785845
1515581
3330256
8329366
1008313
3890481
-550546
1139953
5115594
4054024
5446247
677244
7458458
9151814
-34982
6359875
597612
7762093
6332423
9811715
5654282
3809968
8292202
3416949
4649853
8539394
1829104
3089181
6926105
385872
3016842
11401829
594764
8378832
7674665
16047505
11500376
5984835
-797817
2289223
5590162
19312755
2707630
-912460
11947805
2910050
3320017
12532495
1077628
1421088
-283108
14434609
4121987
10346391
8280485
-848100
14773926
5245712
12214329
11797355
10024025
9592148
8652837
2137912
9143414
8887936
13606094
8071172
837890
3722146
-1321146
6596697
10402202
7473031
2389228
7329091
4883821
2801342
12929548
8780460
3687155
10512525
2366953
10703140
10286074
1965887
10760057
-929450
10092980
7696136
9061955
14445276
9076210
15160793
7855570
7879327
8616999
19395260
16214390
7784845
4679716
9375988
-1139798
11275045
7649791
4830215
3744077
292702
-1838991
8542665
-366510
1952967
261206
-3507241
2762667
5413673
312095
12379859
7222760
6895622
1312964
3061750
-536896
-63519
-1610372
-769628
6039931
-678641
-571681
2700466
2929963
2903382
4229035
956178
3631998
4132438
2363162
1300932
6401141
3646307
-1087401
2294255
1461178
-1784006
81500
3556943
1774923
6865860
2690009
6553075
316784
4389010
1702667
-381768
446104
-2469766
1271080
-1503967
-1293160
8277377
3380210
-4042060
2066047
8311757
9371443
2368767
-780737
4390876
3179362
7274359
4832017
8706993
-1306654
7136641
5890697
5177319
10535955
7825009
3853485
6438033
11530112
344101
3024833
7951273
627489
4111536
5181664
7238330
8791463
3404426
4999267
599156
884022
9594725
10519637
5084098
6388293
3898179
9520344
5600345
2084272
4190715
521938
4244937
7536682
7750978
4900601
6168652
7721210
66150
9440222
7595956
7866210
6059720
7767796
1610453
1091077
6916086
8676164
2947586
5604507
2407004
6873193
5701143
9205683
8624089
3712789
2768093
156306
10562634
8539800
1184712
3258590
3431996
7922090
9257468
694584
6032204
6897311
2952881
990201
3829648
-1804098
13747398
10136301
9946367
5157629
4005582
4376307
7966184
6001415
4164932
6760921
10714632
3601065
201658
8973352
6292954
12702139
17498581
13235027
5699688
3006251
11309023
10708235
2313695
9872759
2842122
11288395
-1367
11614250
4035145
4957113
5166152
3419592
4309595
6901182
10392922
-387793
-2995996
7559096
9411185
-859444
12649705
6733414
9968064
8911676
7874334
9895180
3822601
1199935
13709616
7260973
10370075
-304595
14416658
7402973
11555619
5560613
14532173
1217768
9552005
10627465
5254288
8908575
12127787
5134972
12569096
11000811
15153870
2733678
12855348
1434264
14649238
2398619
-1459146
15601229
2936556
12619727
927374
4506131
17289347
5079807
14207427
16887834
3121078
8201985
10566252
10376085
13603519
8556958
11865218
4498758
7309386
9171236
-360886
-309925
10630026
5418217
1907843
14714047
18361389
-496142
14056732
13763593
10262385
-320505
10910140
19156010
8618543
16121416
13562408
4207044
19304718
12365509
16362247
2870033
24632540
11201863
8761380
964766
5998507
13777703
3828424
7852412
6592024
5320446
7608826
2728573
11233554
20773093
16352881
3095921
3085097
1510573
10754082
19815842
-1136941
8222534
3168848
10599203
1930641
7891899
9615416
7183885
17860501
6900906
3664625
7746816
13040469
9646973
10924130
7430169
5203290
13250218
-1077744
6553614
12136878
6167555
3738685
19188980
1902894
9730294
16921522
8067506
4020315
15293678
13075496
24084392
191295
6268241
11776896
12941843
13199723
10512505
5601694
24783224
1066616
20706456
7750579
19961586
943673
1341694
21723290
4476023
309989
5241881
17892034
20710543
6097371
10249277
1609881
74056
19172566
1333563
24443820
22034598
6875884
18131618
23717409
21229308
22291973
14089164
15640431
2494132
6568395
13617345
23263149
12805322
19283565
11237385
23319949
16930721
11392394
4266732
6761311
18158694
708986
11996102
23339987
15822205
3275596
2356041
20190639
15347385
-905806
914862
20644529
20839020
10480255
16230823
15612133
12711506
17598451
967564
20863991
13223827
13561637
13868184
26181975
12527567
1068196
11056571
14814474
1325567
20010429
7152073
13245402
15644835
18311846
8875654
16176670
21332271
14305828
1097659
12523258
14108119
21102583
3838738
17064609
6610698
18035135
19208993
2066428
20431770
16083519
9780903
952004
15778517
1221366
11843879
14931605
15611400
5969781
21141357
3670544
20716756
14041613
22293247
17632990
3326911
24013826
10253634
14493296
13448235
16678964
3813855
-378839
16955525
19486179
21309618
10008206
24366001
12547545
-747534
18348027
19988730
19501712
17913163
12685114
19340418
17506946
-871614
1898468
11385359
10118441
24081851
13981264
6373783
8889008
21258440
15197208
25708818
17905161
21848703
23159873
12705268
25230642
2932099
17800028
64707
13251052
6442977
4733926
1809684
-1119407
11368707
21089503
23210133
5530856
12724903
18607092
24176571
20447447
8418749
3592526
15679064
13410467
3478580
17472687
5367868
1389787
20265266
13701219
26293709
16851928
6706251
19311179
24392568
30264773
8681691
-660021
333087
1060554
2771470
20280997
22978039
20541884
20579095
644446
28309941
16035284
8839288
515552
27309632
23250416
25453451
9794897
19484470
10165431
23515089
16506372
6487639
15382633
9285124
11089674
25422571
7501932
13279346
27998083
20569
20542827
6234254
26288189
26378309
13752482
2659641
19870197
-346361
5982301
13298622
13478013
22798453
2063703
29688025
23416427
298547
17197346
14471098
