154911
1096306
4404
7217
1258694
341143
607356
7512
5003
446188
1238612
7464
8081
1006160
831602
2912
1146267
831467
523158
492548
11015
406780
5124
3177
523132
2926
457053
6334
192238
75511
7151
4673
8614
356224
599314
122919
458207
791490
216509
553765
613615
899072
2344
85530
175455
145254
175586
6432
11720
671067
369041
131662
36815
445810
10107
7438
4836
5453
8182
92197
7281
473967
74028
8536
317771
4937
405405
472160
842878
49365
8102
3601
563916
6494
6032
592158
5637
41635
1719
5618
828351
306391
1264217
17526
5546
924075
348934
336118
1301976
4207
9552
499944
3228
11808
6471
253501
2377
396598
832772
4591
48757
1286738
459060
659873
11001
212065
1025127
647532
213257
666189
416374
1295677
1126889
354964
4245
5385
323182
5033
717449
6198
1132985
4361
8583
1267248
522746
79551
5359
543026
13107
837102
1388
13538
9262
446360
1248965
11274
402788
5479
12523
4266
3002
792200
4046
710654
3620
1062611
7675
474979
238355
150263
1065493
55463
8834
830774
9956
5803
896013
633286
3272
202430
10699
4893
6266
1113642
7529
2506
4583
8745
4034
10536
880295
9631
8257
5962
1142152
82491
931479
811173
1016638
9960
704326
568713
554286
1199371
6556
10840
8460
24168
925083
1244383
41200
1040625
9642
598
376408
7427
7842
621074
234576
7360
9269
417389
10710
9108
468113
225628
3701
501713
686578
458203
568733
11310
4996
194346
149258
496662
1190101
4294
11602
86877
5978
8302
8564
3745
31
784474
81939
1177418
604520
977908
855149
6556
527343
1125495
342923
10992
10384
7812
6703
9492
6413
869021
747234
4200
735803
1180826
4628
37130
3517
10043
384855
558060
7932
8007
900178
1918
470298
121864
5454
5168
8076
7614
416823
9520
1096970
917402
7570
492806
1192633
736023
1952
1153890
6162
6805
143789
668810
759853
6807
5880
10429
836119
472413
8604
8497
89895
15978
298569
8256
8718
8434
7751
357067
52170
8924
866709
532131
821261
936182
33007
1324289
619684
288879
397695
565260
1120811
8109
937133
355827
162217
584697
822475
711540
5205
33741
6276
193814
5482
464516
748692
665713
8606
4221
1317870
3895
3026
9422
309278
1052857
1384
7080
771208
6778
9206
355723
8176
987754
1162234
17722
1036760
596581
5009
6355
97494
292981
564166
1215890
10495
5539
484394
8941
9662
38696
13334
663790
275616
2902
260749
7608
98565
8445
497604
9218
3843
707710
1149356
1184166
193488
463781
6133
374010
458157
450073
11847
9130
7288
91390
625986
284435
7235
1012312
3694
730618
478493
3637
3570
860110
949137
15700
7373
125167
847224
31792
3441
375297
615693
201813
233053
26235
5015
5507
5546
230835
713506
2025
2730
12431
11063
11325
277784
187736
9607
6287
8907
467508
791617
5335
8690
989541
762766
436574
12227
3507
4535
8965
688061
11995
1126324
1004374
690650
309854
1288015
244882
8835
5143
667800
128111
6663
937008
641830
1275532
9776
294503
846717
3234
6677
102375
992986
200497
7078
993607
1212106
1006716
339450
7083
4072
198342
12348
5514
9191
752804
255492
778916
9211
151784
573209
7751
5286
8885
3688
66048
10171
227907
6608
5212
374811
1275771
1139668
576375
8939
7395
1240518
6599
162314
11475
325679
8268
106504
741615
1164426
819908
596491
130754
436583
660880
2278
8991
4022
6862
638214
704880
3525
6932
1318287
695437
269440
2654
1176857
819444
8127
168591
191336
5397
10740
1054845
4086
9005
353067
100842
8602
8218
968445
83063
266992
10700
1072659
5562
333235
9054
7717
4452
8515
877497
8554
974188
815816
12281
1070466
1159138
563971
316268
3884
969258
4704
835653
170178
5520
7549
500819
8452
166885
562262
1933
279517
936140
11231
713401
93228
73271
9156
908318
515807
5422
13941
1039408
245118
593761
651087
7821
2713
7438
7828
143512
1023236
12128
415522
53227
197571
10351
944748
7562
672839
5317
1161132
1081923
755539
5856
8737
775822
7141
4902
11385
733081
6943
8136
244454
4134
432965
343682
761151
6381
8039
209945
3186
594726
157519
8925
7019
647224
471350
7219
118615
986100
968299
390635
24877
65073
11234
5713
22408
9213
1315980
4776
6012
2007
622945
248599
668756
6579
7651
37659
6789
80075
8634
1243577
2326
44491
145868
93349
7741
38198
5130
4639
504726
11076
565764
659194
574833
12500
184102
211185
10548
5637
1015241
910701
968225
411328
1309507
225128
8142
450276
8686
319485
936282
6391
6497
3909
10278
492295
3363
6639
118193
289930
6515
886414
502293
3401
361886
1155
4993
400915
962325
839262
1240712
8213
612050
1093063
788
11985
12451
614882
1740
505408
2273
5836
712051
5230
12681
142330
562953
10313
761110
8747
9509
11671
37317
3190
1212856
10723
445
511012
6960
580664
539938
4025
4460
283614
11029
374888
7225
60511
930654
743777
150939
991884
1120226
7561
845415
650065
852020
146694
388361
80722
3772
1167694
799033
503495
9729
1657
507155
208938
117967
707459
690961
3285
2656
1039101
2888
13285
117205
5499
380508
6035
903509
5725
6900
1010091
6977
309491
1033256
200245
653050
1004541
434833
692707
1147142
460185
7547
7859
648840
3565
856606
177513
564302
14693
1110929
11447
4800
719265
1203
10528
8883
4773
8339
12785
8250
1129117
735720
5304
12285
6064
923087
6701
703366
2193
6098
1276988
1194137
3197
4517
266282
8105
950
5333
3147
6283
5268
676113
542891
1133949
658495
104244
213486
6171
9062
558691
12895
1070932
813727
1165155
185934
852830
110664
9265
3039
487276
9146
131578
420229
7808
3622
478387
10649
410813
86016
10108
9803
483193
333161
6807
7286
8351
1020410
7059
4823
1117274
835782
1289267
94572
9196
5698
6782
775902
1247089
265498
685600
1289778
628359
1108422
3832
5751
2609
902587
37570
813989
425130
9271
1122433
11995
15137
9634
973458
5340
889806
526681
6123
5641
12622
719591
6513
895974
727065
982146
1157714
10825
4319
365085
269135
8918
441632
352748
22805
9880
406566
8892
803451
8321
4679
6845
368588
1034325
8964
5792
7312
5857
363820
1179647
511837
334817
554665
11859
7469
614658
6488
568162
9266
312661
8695
419172
715286
9041
452145
6517
2864
54878
5825
615771
4074
4455
5125
857785
282311
1218965
131108
9230
943276
10581
589202
233479
462949
1081356
430436
1175113
8109
6174
291850
8591
1070774
7147
988734
71131
4419
1247847
4149
1110224
108102
8722
4254
3108
2702
395359
7020
833145
989705
10363
1678
6626
1256718
973942
3797
133572
3668
5884
686767
673028
4437
230755
1232922
5214
348985
1171960
304658
8380
8017
247552
7714
8611
488292
128435
680792
1074003
3011
1222016
7308
6945
5661
4130
118328
508506
1047942
110411
306251
439659
8889
658301
3970
6807
1262863
161060
400649
549717
5759
26920
617687
6365
205890
1132032
883037
5557
5277
539109
4141
913584
745844
7378
4385
7774
1931
1290709
5869
834717
3978
7918
786881
345930
1000897
11400
3495
339301
460202
6578
140265
271551
94749
699021
704620
566851
1148294
420956
3759
129135
403846
370655
6292
2335
5677
135858
4736
113170
367383
1190819
4638
1135915
770358
4427
307618
7472
170444
1183698
123205
6960
4643
9517
887253
248075
38041
365173
578660
887249
5850
997822
7254
161378
577022
501847
7853
1036180
190096
436392
647338
6848
8846
3838
918376
718101
1158209
197482
136637
1046146
8056
8503
9338
14819
6014
6100
9180
831334
796910
243907
7892
248998
9849
10409
6361
395540
9323
55138
6130
405634
533808
3597
964749
8336
816653
866223
1318322
3803
386914
566668
325926
1238142
3730
6360
9721
1058487
426611
7597
875922
9144
123344
1074393
1042216
671934
5915
111698
856051
199906
1165913
542589
430549
3401
864296
618450
866101
1320015
375889
4660
866936
964685
1031752
6222
184739
8624
1138254
432955
1251515
8882
9103
4359
1045669
1020554
251819
10841
8483
607355
475515
7114
325144
548031
576267
887061
803353
6497
465454
456681
402900
56928
1013847
823286
7336
7872
10982
10378
717351
1177033
726956
12345
264036
7158
13123
942944
3206
8538
7224
5622
9360
524876
398048
10489
791718
277582
405648
820156
8664
1140523
1215281
777568
6024
415359
8482
600046
312517
9910
227436
6348
10872
7273
881467
58856
550612
6268
1094719
4333
159003
760421
713268
1205137
4799
5391
503904
9691
7679
916418
4213
4185
400279
4003
994045
7184
784730
324418
2982
841561
8096
8423
121634
10852
5057
5968
450304
307220
11446
1252386
15808
362115
1091547
1096
750318
724607
5251
11394
160778
699814
146041
665088
490097
819250
11243
83085
1120839
7016
736507
399551
5625
7037
6972
120907
146204
21730
14589
45054
6920
1150813
362061
2478
142564
209657
5787
9819
8202
7125
86218
13652
5685
281032
1039455
1108649
7334
817697
3239
3603
9931
425159
53175
8715
1028775
6654
476968
1056154
939020
1117434
1060307
8205
1580
236754
755539
10103
844304
193380
483692
606573
890139
7847
137132
432743
213389
881274
245023
6585
182167
464569
494749
288489
1196483
7845
104933
758918
731069
11832
11132
228873
656795
871101
5638
106636
635860
10849
76847
860410
60662
1603
302763
3440
4372
768806
7333
4076
578683
7234
112609
963114
8903
7713
855726
10161
5002
10509
399830
6555
5369
184551
552012
7661
10849
6143
11480
1028547
6503
5463
10099
11824
5448
409063
5550
771566
4382
3879
8193
1709
542606
4811
1268
293526
7394
763050
10724
10511
2800
1314131
757448
501954
1239316
57824
9001
110279
1132766
16086
129510
414153
1229049
486866
194971
8823
11409
319191
8526
1179234
11361
158019
6550
1259683
6314
451495
773738
7369
5211
7708
8161
5796
447134
4531
4929
99679
4121
801155
3653
5093
1275987
99550
27852
1133747
82398
5418
4480
6061
341457
11177
6745
303272
9620
8011
7410
1292767
210545
923871
693357
10242
11111
5392
523365
5517
581930
25457
1282613
1175128
1142274
558364
353325
801060
3153
6383
80001
55511
935239
329007
6746
5184
572751
6012
19996
7620
265334
7674
772237
8797
204805
6586
26053
690170
5560
984992
527497
1218269
8804
7429
140591
1011677
550869
612948
523589
7833
76575
1108033
9618
974342
5705
88526
3782
197852
10648
1087908
1086006
1002848
2131
10842
5839
383995
164951
5984
282013
10718
214187
5989
217416
100671
288159
175477
669859
1173696
290304
10332
4516
5570
64434
66851
8474
741566
4880
8252
187291
87374
129038
1238883
465712
425294
5210
5762
874766
5033
654030
1246200
581584
3797
631778
247164
7279
1267754
1053917
2043
7166
595980
4422
5942
31173
12141
1007446
5777
6744
267121
220437
4174
5138
56684
11769
333032
347858
375138
1013659
884899
315030
9261
9172
1299729
9561
6666
427659
9614
2607
2916
246507
6784
8619
344164
352038
1471
631611
249581
10821
4485
627418
5944
53601
295764
628029
767107
1318436
1447
3580
6945
78461
1295221
4171
6500
1091084
5836
4546
686551
401456
467450
533249
10435
452808
1170097
6639
235913
873201
8462
660282
294929
1014005
6971
175087
883363
244784
8531
10083
398864
446172
1230261
1261164
24758
20125
33210
114621
429039
890304
569572
180348
579928
185050
1249639
1318181
1999
7836
755794
6464
74544
10005
204021
668140
612420
1021789
6659
3003
549170
26818
245313
715519
776546
1190503
639464
5843
549125
915282
1015365
582172
120080
45654
11059
5740
6157
333517
537194
223401
8417
6615
1070390
440226
162665
752897
89167
376886
1137519
5984
902945
1165
599932
9827
431175
813437
9406
607513
6456
960043
699319
9914
638283
671736
1122970
1171947
5391
10920
2814
769538
1066823
599280
1056268
361120
642417
3147
757408
450736
6579
4924
182752
274398
643114
1108520
8844
325051
192160
3130
460343
663099
150185
936941
551916
56654
1103910
706267
213688
5301
297780
3259
421318
135684
5153
1073701
900710
69830
660051
5639
4612
7214
471652
42635
1074896
246620
11731
34423
287873
100656
7597
566593
538840
8866
612286
1150831
6896
7271
406976
3631
1017086
6906
6226
408608
3087
2555
4254
268063
3258
3724
1048284
1158606
2718
65554
7458
676219
11090
713745
3639
11689
9169
7411
9553
1281004
575988
322994
184965
5968
229463
6283
17611
679601
4946
158592
215405
1242015
408196
65250
289433
2720
9210
10054
1221956
9868
675504
126530
8965
639809
670295
35972
839085
802569
6073
9877
510826
756181
35457
6940
878575
1231349
6370
229085
7065
254603
4845
455958
768357
110815
4901
6640
9877
3851
10863
284658
357506
2952
8415
591037
1050410
309178
1249423
677054
2168
5563
9516
9286
1111979
9019
6942
1010456
591320
1202643
166919
168658
254935
1054434
6042
231528
1104348
5141
9890
291276
628182
4337
6414
1242404
1187455
759408
2531
484645
871465
120118
654153
1243810
1130883
7283
1241447
317034
1091526
389487
2847
3470
6669
1754
49938
210694
7075
206812
223317
126204
5817
65688
43733
1221884
882013
9622
837511
5249
3414
1307357
757295
557482
88091
7846
171836
10010
443331
265216
162380
1219264
4146
10051
6512
1027360
7870
227268
355350
97030
6302
3923
727400
707061
885202
9877
1060569
5791
460517
482052
1200629
384387
590565
571089
11145
676731
4515
36819
896074
36691
461388
9724
252291
6613
8769
1148000
75166
8275
7912
1252992
2109
4606
641124
3781
448532
833777
888250
194305
3229
2859
1118939
6041
538713
10767
6930
822188
861368
1012589
3848
7981
508987
1176753
289009
958743
567727
345521
660423
999036
167026
7826
941274
74648
792181
969167
946264
215803
1153590
4339
6591
1007167
4863
255101
133458
769737
426719
302059
6962
8414
4788
8820
6247
410206
1413
5321
10661
796053
992072
1035956
990589
462220
7406
3826
478679
148471
133584
947974
4437
7101
256270
7291
5746
4435
120694
8802
616388
8198
78547
4098
4358
876584
1010325
5486
530610
740305
2917
111629
197977
1172947
30503
865573
8444
7630
6182
767724
4093
1239828
94238
598400
9249
8232
773340
6647
1104400
202101
1914
444649
7850
5733
4653
3779
807831
301202
1200233
7366
2880
531574
1050912
1043502
392768
4448
1102792
3781
7765
8372
485904
11201
457038
425983
1190055
5208
733696
190461
328011
158997
376406
30005
1262556
6290
781868
5710
696171
7365
316095
8947
821665
536130
1271811
125815
1828
896189
523046
191291
86456
792534
752973
719541
670538
6200
1023160
577291
452783
8078
3635
868408
840148
875573
172754
9237
1271394
8422
906701
344621
1028730
250389
1287321
1155351
8328
5244
866697
5625
916699
10671
255586
854242
5469
144156
44210
4582
809479
9280
254856
1030226
6212
3071
5689
857745
313973
1160538
704590
886998
1822
259941
1192481
905320
603729
7298
1036123
8688
422479
539349
965079
7295
822512
257663
897135
7520
273229
11141
531210
876132
501887
9871
628024
761255
1138083
6763
8569
6738
6176
7199
10289
1457
300152
6429
5634
5361
279328
897716
102288
1037531
10230
4649
748223
303691
9498
1304117
6833
341422
8252
7774
994731
739030
1042471
8502
494154
393863
54920
311104
1181104
1709
490830
3689
182347
940844
5389
370857
1067330
1267201
150462
161205
157217
8482
335722
774490
1236031
1095246
9164
1223305
197122
193145
6610
425595
625387
640892
524700
7023
8015
7472
11928
7197
1685
86744
8005
6493
385289
41090
193763
486201
3764
6765
985095
7194
2184
3904
198866
7177
415355
7582
7024
579570
751312
7036
986398
3309
390155
8555
4690
7829
110316
9822
90880
6910
118831
541117
7942
2203
8290
12323
2295
523484
123022
10384
19152
3861
346797
707674
610976
405645
177985
8209
79791
5055
1090024
152251
667113
883490
3184
759453
1305937
1050922
711185
900226
724320
187381
482825
52505
3510
261493
8143
200304
12336
6507
512702
225316
1229502
175258
5319
3751
103821
414508
795905
688296
954507
5693
1213635
1020040
7047
416162
10651
7069
9667
8261
839363
636202
7016
7163
248795
4114
545796
7446
2256
1033085
994823
9991
896022
4790
169331
278837
6597
529700
3911
347148
6345
8559
1053715
7007
5147
8050
403887
7686
4256
5873
969410
843758
1067803
1007248
743359
10077
596683
859582
595670
10004
7046
4780
488767
1054690
3958
2086
3164
484515
71079
1277276
999138
397244
1009335
723402
826530
2596
4094
389981
6339
1122008
9534
270795
123531
71823
314435
161536
9674
883848
566446
949
209396
1117746
702469
649530
18475
6022
4646
8231
1237999
881525
1242043
11983
11368
508796
906536
7049
5823
3041
376992
975411
7532
5283
104118
313679
3476
193691
1273986
4786
5820
3031
9914
9279
196343
4712
1089942
540752
10189
1293490
6426
5848
12964
10517
1206944
168364
466270
640175
1222774
1208298
9654
535408
6770
7747
335229
524726
399327
11646
7377
313837
4557
930687
12101
130323
10547
949608
406183
6787
804357
3902
1008525
537233
281065
7353
393000
1060968
1048279
8708
134243
1152251
7008
5177
1161719
7178
246874
7640
128583
1070095
316169
5768
6848
467596
5201
7449
584868
2380
449878
724625
548463
5501
79312
284940
1153074
9831
42833
1014589
785903
12414
300900
59215
7139
529040
762167
9387
308415
437119
7708
3380
4697
1062454
456847
975601
376108
740098
7192
2013
3930
878988
2774
8620
5054
548132
13678
83241
4982
11135
530309
6386
922322
828900
5181
10082
11890
891546
7678
1089917
6713
6365
8824
4495
1233528
303473
7287
241821
6150
10179
914022
5805
429730
1100067
601822
248205
1019586
1125155
9634
184206
814467
1288443
9763
1170538
9652
231866
1276982
5708
92516
7253
739412
4137
84341
196244
6641
7822
144456
982475
212622
6289
3139
238535
1294579
215732
421335
438089
681757
1117728
915313
59087
4608
799113
8033
8828
4144
433830
44900
6572
4942
1302861
10622
5105
949579
905249
358102
110019
2301
3688
8432
1086151
237761
6988
8713
257137
4378
5614
1177522
11260
1051989
166997
1125395
6651
115486
7130
276437
746888
10080
164684
375325
507383
5577
878593
1130272
419899
7565
12342
730151
290642
4452
72683
1091328
438858
819607
833453
1064935
202935
920752
1291407
10727
3737
151730
479225
1278673
5233
776686
6398
773847
324298
810997
879398
9368
354435
1187460
7642
917034
574574
761479
30935
502795
9290
701419
12717
247087
929275
647011
6546
566463
841170
8096
768730
10220
9074
505215
3735
7340
8683
896108
824069
324182
165592
204837
9928
495201
5712
9726
8346
594213
679897
72429
831221
4712
6825
3723
292934
9962
221173
1190651
144070
1696
1226027
1125015
7168
4953
881681
397700
108572
421476
1023448
4674
303617
900727
8417
5733
8278
310748
12752
197930
3553
11039
36064
198537
5474
1445
1013764
4352
7906
8472
9606
912802
473142
7250
4867
6466
656964
137982
8627
101069
267754
7141
1005804
66521
838597
8342
7852
8623
78500
742786
57572
133000
358557
4676
788713
1059118
354276
415118
1066345
5355
4815
6469
6819
1016093
615760
1024241
815722
990842
150670
1125867
127227
1261813
7810
7267
973932
9656
9801
1028143
7055
296531
18540
612613
1230741
127756
567273
963800
877806
6227
282733
2629
3439
10429
8226
658100
7228
4311
69389
645126
3977
4972
42173
3966
333825
6326
1267123
9145
265429
20625
8543
98765
301633
1049719
1163668
697439
765222
49251
367660
4965
254676
10638
951369
10823
1038983
169037
808604
8257
119189
4075
169072
158909
3932
655075
7261
349204
4784
4360
1120280
9545
935636
9103
1092551
3572
4359
52042
3865
88258
627666
2359
8565
659274
273787
395819
242040
284921
11356
135510
5527
456691
6227
5366
797866
7279
10331
330184
433016
7163
12001
4845
30924
8566
7703
10204
482419
1302991
6205
6695
4845
2083
1202297
8557
132868
8422
202773
566295
1120601
7852
4826
9199
5398
456229
1039946
45436
9788
157774
4343
1057
1206661
475573
7708
85617
11105
47724
1004001
169193
462943
774690
213766
4801
10028
231214
772186
991931
6281
794380
964109
497480
3835
421415
6665
8177
7967
10133
7295
789223
989821
2270
4885
272331
744936
11010
1136950
830518
204747
229459
2362
4811
21853
957117
13022
11426
180715
711515
3456
5975
1310219
8483
163433
8802
920662
377151
96780
3575
1014104
4881
3121
631486
6621
8283
5284
251116
331494
50566
483520
7982
8039
6851
9850
2639
5822
3863
125003
10615
5172
752725
2722
796158
3127
1072830
11165
1098179
1028075
119961
1221478
204579
490294
6684
179656
715594
62935
393091
6547
1043597
720515
2725
259765
12114
6450
791655
3156
266390
8292
890243
665753
342083
2526
5223
5543
211034
3835
4361
10069
114844
425818
4995
4110
189763
4829
3966
929964
11284
5415
10370
626302
3915
505342
783616
792226
1041728
858894
289452
7954
11059
511173
873162
441559
8720
1027588
1123828
304432
22598
260933
322221
996736
5612
386536
5079
6248
887399
1039877
271272
11359
9624
1218045
10417
674876
62070
6294
8931
1166892
323463
1270198
170876
856159
457024
572627
354127
1193006
246324
10960
12402
557035
4736
3564
893110
11323
1018656
440450
8136
7748
502495
926296
575727
745200
391387
854080
543993
10204
167171
6870
9716
367616
265500
4729
9581
331409
9380
8447
34725
7280
580026
96753
1038737
5138
674158
3832
574527
983933
777595
239112
1135486
66959
1029916
4846
6181
707448
475245
1310088
11378
9546
9728
6824
132202
176978
454055
173238
291840
5398
178842
420338
9921
2404
2567
7281
700272
7145
954526
8041
89555
1105528
6689
604211
299530
247855
9942
731878
4759
9200
12414
7904
84564
7368
470227
250905
13540
8827
13551
570038
9142
612157
8220
1283227
8738
11065
6744
830279
260139
708121
5061
7519
10238
7864
457748
194568
953136
775878
9889
985579
245522
942089
518718
4946
281775
9854
8078
8132
518446
1148784
336375
5856
708044
9564
1115943
5820
723513
9600
747200
8775
626728
889372
795910
9005
345112
9052
1184879
676764
605871
604278
5506
7700
13570
872927
152371
179259
152941
11121
9222
863188
6361
1370
5586
790171
6493
10071
9423
8961
6526
348166
7039
504568
304206
1079966
5793
4537
7073
455453
11556
339736
8632
65719
558636
566049
588695
549444
452388
1314849
86091
82132
839436
545088
5514
142138
612448
2836
679307
952788
871899
871405
7837
3506
460665
4881
169805
143850
247738
224315
5695
2306
595533
6633
3909
6032
209957
807727
1207623
93418
4314
2468
2876
6793
4733
942347
9504
496071
767988
11692
619531
803687
6016
8323
10450
2219
6135
296580
293181
1185873
985137
8903
634732
202886
3820
140804
12031
591714
6743
6193
701479
311583
1060638
99652
4205
192320
250810
704578
862363
3212
151550
1319391
968527
8012
1319817
7402
575668
8250
712888
11727
504194
18671
7249
341784
431563
1269965
1181808
4261
9423
725614
620785
7243
6996
7610
596939
1219854
5008
112415
711341
563203
12089
701435
816923
656943
4510
111199
6043
1190506
2813
7656
11190
754565
154960
8000
5496
9470
258781
1180959
8783
5548
6772
2937
669159
452606
1088225
6705
4997
4653
425184
6874
5107
9471
476735
678299
374407
10918
816785
1138291
148737
979313
657234
5347
7331
1216668
1111963
726360
8064
590917
6171
435026
11274
1123195
771762
10506
4642
196315
269606
184185
9080
757987
1190769
10535
931765
6086
1259847
30642
5878
106313
4456
8813
982183
1181776
862160
47939
305957
8855
1151380
576666
620484
1201901
5191
5274
1028035
8133
119736
446879
921566
4552
6423
9969
8798
999996
11217
109273
1247132
10008
1181730
8643
501209
4347
251374
6009
7755
1121882
926415
26692
317997
1212567
5733
3458
12691
4561
367122
8265
7286
7928
9427
250499
455326
1203908
12835
108688
310071
466900
48967
608724
415983
1055674
636845
601542
693984
4416
759005
110405
310982
311666
12455
605174
358745
3947
471782
4754
5560
887623
6134
7492
450213
566733
9487
8729
10761
5169
10560
55055
6394
252468
6392
6262
517986
355597
497342
6512
6189
1076086
7112
9453
6755
4474
239552
1039591
10939
131736
6966
4141
1029657
9179
173921
73732
8563
5381
8867
2831
132229
4040
256289
511079
1205079
8406
942849
689084
90555
36189
3343
499924
8031
9930
986934
1266568
1077990
947688
6656
421590
695143
4272
4931
11376
7702
9782
714339
6682
259967
705629
658075
224296
496199
736659
3130
51004
625903
535639
13680
8655
226083
388734
58322
9081
110573
2520
7086
7373
400778
1224316
1113771
942138
20106
4413
515354
418346
975902
1597
920946
754213
924918
928247
154115
9537
8007
333266
280502
10371
958669
470046
967681
11736
3846
5351
393882
5625
4718
575813
156524
8999
386642
3904
624469
9014
1078861
36305
9291
66794
1267032
873211
244754
1155876
151406
299207
10778
380657
191013
575229
2826
858536
560936
273935
539321
7553
580318
8724
241109
11180
1073448
114041
208105
1312964
564701
317595
981329
522822
5974
1191221
238078
8841
5516
449607
380805
588132
1109450
667562
5246
9579
3772
3487
9457
5883
8354
10090
9755
596472
11286
8381
36636
999673
723878
2632
174996
19849
220786
687447
9334
8567
242937
10429
338099
717965
1251129
6449
4869
2584
729407
5174
8857
4906
876969
203001
10819
1268703
12728
3660
1049944
5969
10580
581754
185984
5822
882527
808556
7512
425623
7167
716530
623006
770345
284446
225256
854322
40208
1280146
320663
374754
7140
132976
425689
13258
4102
8466
938251
121403
5379
106778
8703
9246
6226
4602
910857
898176
439135
5319
954467
7480
69273
6305
9952
163542
4619
343858
211028
371215
897464
5359
7030
5677
712923
3890
301302
1239952
1174664
522779
104972
4381
345717
6998
6278
1291799
6286
936538
453916
1000498
375402
159143
1301530
131017
5577
324360
429131
355045
276073
1267013
9440
293599
9850
7629
1278148
587676
2910
8545
238053
1235787
346978
7562
1152526
11816
531841
5372
374334
4531
732301
5508
756070
803537
6111
909486
2454
241817
300220
100659
827929
4790
6004
211050
673640
12107
1224445
916246
6063
340351
245659
960866
122779
773153
782548
2935
244055
1116556
432348
814671
1116467
346337
8970
491658
5890
10084
8036
260667
208371
9270
561381
1261355
1139017
9272
7720
11237
1134948
8902
2973
1267271
2964
565969
6734
4473
9935
978468
669896
4307
13677
7321
226465
8140
132133
7722
1164
12570
8068
3009
336058
653346
109716
484956
570333
1216722
7486
779152
9245
58579
147657
1152583
3969
4560
8898
6897
8617
7930
78444
9126
8707
363472
5681
27516
119145
7555
8131
79035
9244
3249
344545
7738
5630
452350
963471
6351
172518
553059
433977
6476
444741
8807
380486
7413
7771
703461
503266
299995
525851
269261
5562
12459
8348
442656
1186244
3555
1246210
9116
4310
7399
8712
5288
206017
825411
1260890
739980
4823
794018
1238509
268724
240405
64074
830984
509086
12338
939840
9877
1155866
4835
8365
188755
6779
1102362
9186
580594
411118
464804
25080
523028
24921
6951
7158
4580
388043
8937
4042
567541
619230
813
316478
1141247
3908
188782
834245
668864
8124
2508
6171
12568
893285
298479
6275
33941
924676
8941
2732
8366
5851
4551
1639
7229
6338
59849
402765
928848
5032
553593
7721
14779
911727
6957
2546
756501
1276555
947761
666439
200322
270913
308239
11352
393868
1220471
107158
1134518
7010
6922
8883
8031
6435
953140
7086
357959
1142525
5027
773127
4206
8432
6950
25367
9705
416704
5564
986415
71380
105277
9167
2213
1164768
506603
994862
171866
6357
1063822
771404
1257618
816823
18172
12916
90337
7175
687646
219941
16359
514911
1983
1107079
226025
10566
306004
599977
1062278
623935
848714
885988
418471
364157
9128
303394
1261112
201812
6950
6784
7496
4468
995772
739263
7088
5776
673383
126560
3087
8975
9933
9548
9646
244519
1200195
5941
4642
124632
1051862
100194
659047
6536
1125872
7622
407441
164278
389507
1016184
2577
4360
148297
6531
64149
6395
372438
5805
1195283
9493
1224438
49311
10910
9173
956709
4724
297736
4036
613716
523815
936274
1158080
9415
324900
207801
9318
277499
124169
9083
269204
504480
885380
44258
3970
3479
324275
1040154
3907
326052
279667
328378
5540
147805
8296
700060
1031460
47168
8241
2393
5546
157754
10153
9313
7088
4644
816987
848598
941516
881195
705586
211009
9468
529499
10520
423971
1320530
7795
193350
836237
259203
335011
1038315
836311
2921
232777
1239763
3393
2287
1325
8829
701797
84112
712266
605862
301799
3420
497026
6649
7649
498919
7670
1790
5489
1043072
363241
140819
9829
7816
422671
3720
198502
9637
1137918
589234
8969
8029
258913
1207398
405468
967349
405543
954383
219860
816788
183527
1070531
591140
7574
799140
9726
303486
935105
1287571
1291544
8149
604079
924643
3787
821113
1272706
3993
5056
975211
139627
891734
255731
5605
5723
898364
644330
5436
847574
8017
777098
4888
333407
778355
620747
5345
991853
1079443
274448
402282
101282
506425
8359
6314
3558
7946
236149
1262974
1109341
1311858
1051776
1234551
5569
742978
5623
754137
10527
8499
520826
5987
7410
256099
384502
647272
42356
629815
10626
83537
8377
1021153
960096
9132
81916
1200732
0
4256
5366
4832
776807
7904
286399
482501
614624
884875
761556
961445
2038
11851
504509
1002
1266057
702436
7152
721209
3875
664586
324214
8605
340885
727985
1064548
3453
6418
5709
5334
166531
856258
416714
6232
333077
1288956
559943
1288334
9690
1059077
622615
625834
723606
1200726
183992
2409
8582
2526
282369
946812
507956
393351
8626
233780
8712
10418
1308955
8524
208234
669710
8534
10349
6616
1182856
4664
2040
6838
36373
63585
817327
10362
4346
974119
7294
6848
1007473
357272
48245
5101
9534
9514
5157
736765
265865
13588
99981
4520
1235756
1167294
4385
381368
5912
6583
5458
458521
5707
542586
6504
1041938
348222
875097
369617
551023
5837
6315
444869
456298
8798
50467
2102
74209
567005
509148
1119152
720170
657833
1108759
159328
824144
9786
4416
10160
5831
9504
190127
14100
736147
742444
1309268
239857
279181
843521
340375
240212
12378
3660
103793
947830
1275107
476541
23930
189919
2736
8448
1111519
1065168
353670
5219
566080
5039
9646
394225
4664
5919
362291
856555
614418
1100079
125053
8183
1199203
1038027
6425
10777
255095
6067
596809
1287776
1308061
1280899
9942
10310
1219906
8441
1239079
1174229
539358
203317
778412
26763
933124
4085
705550
552052
1268525
866394
70337
26046
1100665
12855
78528
903342
837777
59504
8810
968431
10925
656561
630241
146043
5222
9857
374354
12122
10045
6722
895678
52251
10923
560085
11680
4526
4981
2010
552659
621739
666983
6094
6874
5930
6135
2817
3197
8787
832318
1128729
84607
731123
8351
12735
202787
1224795
917522
6439
4231
5336
5717
263806
416430
3569
182222
1293219
6465
701603
15879
8339
6358
349142
42489
9769
3267
9046
4020
3634
183834
9306
7985
271245
311754
52993
173374
831695
1198150
200602
980012
343148
9112
4768
637382
5231
5670
494994
157721
297009
452956
10653
11393
2167
10055
480555
5610
202869
1086741
4974
4581
5891
6153
6178
1279595
467162
316294
281776
72717
8081
1116692
8422
1038503
6864
1317226
9376
108010
386681
2166
9423
5981
7877
683509
515745
225241
691684
1736
157295
616247
299931
3450
5304
3548
84624
6768
916100
256417
4831
575747
6812
655300
9611
791865
242787
6069
437778
966614
81561
5866
755729
2411
741546
1143866
8476
80538
812699
1034399
11625
733918
1234580
306052
7736
125472
11340
6522
198309
846477
5890
931301
6203
489465
856007
1067492
1239925
239716
34180
1056713
5061
367155
783928
21760
844156
337366
4803
4421
767383
4008
284760
43513
4648
29841
243400
355899
6154
609905
8416
516355
9011
617325
1527
70391
6729
6685
1217168
322780
821185
1023482
34153
7604
1075820
164575
7303
10144
10165
345303
211026
7984
4609
1319974
926478
1141226
280140
207298
737007
9401
680624
10144
7741
10716
4744
7584
325508
4617
8940
9349
8064
402757
4348
2950
407017
12078
973998
6202
248951
493371
7817
1263697
4419
1043767
298077
5542
619889
9727
205286
7284
48154
755247
5125
274693
245372
3575
453975
575518
6464
9075
6052
4516
117494
77890
4698
1016027
788949
4821
2648
202081
1215974
4912
5620
733403
6867
5598
6846
7348
1126168
9568
8664
704907
6757
8554
4307
84585
686340
690568
4234
665618
6407
940977
126958
137920
1128702
1181425
4576
1243221
677862
11685
136292
468497
726128
807893
6137
1140911
708966
946732
441340
493913
1136
848222
284093
6462
59651
596283
3921
1309435
355782
759875
10130
7304
49224
9000
1339
1155570
383718
4408
309811
47469
100394
862348
9504
520575
1119518
939257
442023
6485
243058
10203
575266
5281
7182
241207
7375
7499
3257
11658
191278
530623
10569
1083537
3659
1058825
589982
281322
9554
551680
19915
840780
1184870
971905
217596
575540
448040
1262716
207159
5124
233013
10039
7898
11399
442915
463863
318782
1230937
726541
6683
201691
502475
121982
9927
1314317
997845
9885
622970
238118
1272139
432768
183567
533746
826120
5773
1259514
507159
770691
5942
407540
8009
661304
5781
42077
1054
11891
1085948
5025
9108
6672
7322
776703
1147769
10418
8827
1758
7712
2788
5333
7999
9839
341764
1032132
6414
50651
114004
6315
582663
1212387
1083790
729725
6527
11892
10310
1244184
1315071
4794
8921
685468
1092685
113075
142161
149302
867204
2925
4283
8825
159736
5457
230073
335020
1949
5829
1078797
839230
2510
8441
205416
6112
5610
4539
6330
1858
1038
1315586
6688
872966
199178
1196852
3818
5952
6072
106625
567632
908970
10604
7035
4188
126397
4631
791067
14012
1236288
6212
760416
57690
7794
1093774
7984
275000
7057
877749
3951
62001
38227
280660
5590
159041
8081
314171
85342
9484
3548
142393
89581
300790
1139644
7488
2880
5516
163445
2855
11063
765818
13997
4572
8232
167573
3704
1060167
1270020
548328
380034
1241747
849965
10076
505283
486982
5668
502795
197888
221264
1132814
609444
1065030
4180
2535
7514
177960
10921
1225550
992840
6642
747284
375705
3811
396884
1313456
197844
852152
805305
6257
1057663
6237
2976
1003771
6719
6196
5160
172818
547070
228917
1152901
5731
1238156
45015
385549
91385
991928
7004
5161
982562
79759
6100
3758
654340
1648
12690
3800
1298000
758177
6977
1221711
7920
378066
11699
329168
424420
476028
5817
6448
5191
346174
29952
499812
8558
5590
10318
5334
7539
498130
59138
7009
1199161
713070
4624
1176508
11006
222755
8206
696207
180724
22520
8566
1158706
9710
5999
5340
7472
540667
6742
551861
7917
895626
1271823
811474
9435
9559
108421
70031
8866
1003
6861
309691
1035756
489577
86387
9707
6223
361181
6115
288535
272504
9270
3189
168522
993825
188369
9562
6832
7896
667330
9879
9227
10760
14204
356353
8468
6679
247961
216457
6314
24769
10869
6586
3894
866022
1323786
932539
5171
560390
172186
1295271
44522
772146
6263
6620
146418
547263
885102
6972
1110
715489
234168
11152
314923
119638
5715
847624
567157
108811
39036
3688
3656
5722
836170
3507
145849
103822
497461
318795
49078
56113
7524
545089
496989
9264
13003
1228450
704969
673458
18266
703381
513263
554337
4628
7300
8949
683062
7704
238677
890729
2596
764753
635252
6509
6205
556924
33936
1077388
32998
428697
5279
7343
7490
673036
148718
437660
509021
692167
2145
5808
596902
4801
8777
1044685
3947
3182
979408
119829
82169
462883
7422
10119
812650
11640
4645
236024
175416
8827
545459
97736
645679
292174
340173
1120172
829480
475707
543089
6518
681768
3769
390316
6598
6831
711400
1022548
951290
55736
512398
3487
9122
4327
6637
512901
462737
1302130
93767
225596
91478
5453
8936
269167
1134596
966925
237641
326963
199451
9566
3766
3749
6145
367068
441289
386024
844094
9458
992363
782405
6828
8495
1178784
950579
756930
3748
5208
5765
83404
1033518
6874
118283
1116202
611486
590686
178999
8520
336614
1007085
565893
6368
608186
591813
8225
243823
243670
818025
1052870
620534
5500
376249
6717
104951
943394
917281
12594
1235554
682126
7701
6228
392891
943008
995192
44793
757837
621085
909624
11019
1111950
7127
1310746
5613
9826
7475
5038
323055
254659
917091
6866
2593
130260
8481
6791
280593
91230
8114
6109
3486
8480
4718
937305
2120
401036
736673
180647
1246407
253217
756923
1000744
12100
5982
7342
9393
909313
7592
2512
7882
758538
59559
1137415
653001
612833
10379
358322
925300
495466
644874
199387
514692
558682
53278
3638
1141348
1168523
10931
2392
551366
4830
9410
7225
8475
203014
288403
6646
8567
446902
7842
786672
9011
3398
10965
449746
489299
801296
5281
8545
337781
65325
674430
86702
6837
559266
793017
434696
275515
4250
399320
268235
640279
4521
1300845
11520
137978
16107
1081752
8291
631402
8733
8686
6954
838860
962271
2153
168856
7959
486632
225129
5605
5391
5463
10654
830922
6599
8572
2302
1144485
855431
8325
11379
777703
695152
209277
3441
10553
1152963
582825
5174
1020410
4303
15942
147543
111063
11396
4631
10275
719647
4532
1321618
7506
442179
9523
748988
5307
7551
900223
1014473
6578
3727
6702
665443
1035990
610687
1175813
727699
8322
877482
304951
6809
6056
4293
604901
602224
399706
1169245
5235
394897
28345
1214005
7078
855778
470846
84750
257124
5098
4449
8699
6663
707097
194789
552993
1094893
205625
624973
604128
666229
594453
550033
194335
156774
563504
1041098
990825
1097742
6256
78922
3698
8814
1183295
1050932
4405
10415
5832
1245064
864358
366359
790734
1296423
310572
51964
451771
3646
1167031
71260
877104
8562
8591
817385
5642
489945
914211
9809
830294
3191
6224
6795
8440
711113
8809
657659
342425
5626
4853
3383
1176268
3113
9827
13961
846579
5754
1292792
622502
1112749
216566
380461
726324
6932
94151
2699
807568
64273
83011
9141
6949
845002
983562
8367
159688
2191
1312664
94184
9468
8073
222611
57576
1299927
8501
258793
679529
8080
4503
3795
7030
5836
610963
5597
372611
54640
7067
7502
332810
826320
446655
199130
1083564
9847
176447
5850
9304
4859
859562
11113
154275
885583
845401
8559
385892
5130
6343
166830
6595
1250821
1212480
287160
597298
12503
2140
92771
11164
1153534
1008148
1234763
882378
3969
7903
1045537
509993
7781
878135
253463
2132
849188
1033231
9106
10000
524314
837066
504110
599500
498958
127665
2859
146888
4107
16271
6375
4856
6759
98600
383502
541405
9285
5559
318535
6691
8989
986707
5396
5594
1377
371150
396568
7193
255272
892375
257140
9362
548820
8227
327442
6497
1194717
3051
212230
134186
8581
8097
13510
281590
750451
8417
10883
259925
588829
6692
1321708
107489
78625
5815
3036
201794
7286
11266
489956
8456
74323
4614
562552
93170
8152
1277681
10104
8696
9500
6087
3128
4646
744988
120813
684588
485053
103873
411018
1289269
5740
640067
6263
592064
8412
10300
3752
7337
10798
567423
1153872
82396
315028
9069
389238
4458
10927
6159
1561
6310
766051
4963
23226
471191
234163
3609
5449
223245
4032
640640
1307591
7305
616864
263722
532896
878286
189077
904347
789000
7277
1236872
931439
4702
9219
180890
622431
611186
988882
1167491
9764
5940
295910
1230727
6792
243712
1304613
7361
1008814
10862
23555
107598
828682
162069
8479
1254547
8655
7207
5944
1022952
4099
696258
13892
104123
8524
6015
2824
266677
13315
529431
15385
189196
982691
672474
661520
4732
316233
953123
67091
188003
73042
439782
41186
4888
1211084
547167
7688
9665
4846
218845
8909
10087
227349
6642
1077115
4346
1109580
34916
11115
4199
730459
699954
9324
1146025
210627
11332
124206
130285
12768
623980
140303
783522
1046589
1050016
7372
3860
1110139
3309
11886
120040
3622
99388
4734
506829
64682
8533
22330
361398
397163
1039675
10903
437837
3495
5395
733205
797
239587
4338
510608
1902
7443
24949
67884
1058659
10776
949558
652892
398425
1232306
275876
4644
8344
240237
1204985
449955
280470
8683
6278
351783
5307
7835
1205867
9051
4123
1192731
957793
11380
7766
8115
123078
483180
8767
4461
2227
3940
10678
1843
4814
7443
8251
3815
907881
170555
200643
6848
14826
241946
655803
951225
10096
3243
8095
184329
7187
1131510
9214
5114
139375
310554
198154
579273
497366
971879
12454
840468
259052
5441
418305
3792
979817
9241
312041
1266345
10819
3309
5843
124071
616021
1087287
5755
7288
3990
197342
8355
259655
370539
3411
5380
8204
5136
79668
835552
7910
7322
9306
411468
492218
45343
108821
91251
1296471
7486
1317631
7920
5378
764280
5095
10462
996175
8099
7903
169562
7053
1162427
1272611
781678
8795
8669
4803
100368
2385
39956
84727
440618
10141
685336
869714
7249
8166
7437
8222
1120693
1065650
249713
593791
423287
6011
9521
6990
6701
8381
11683
9706
429816
7382
690129
300871
8734
714926
281723
5302
1014854
49814
271768
1158326
921289
5988
10267
1883
3943
4138
4747
4951
1181250
47395
4931
186565
315658
8995
4319
278482
574793
945619
995663
6318
671672
2727
704379
6773
12268
660493
9878
10400
253444
3310
3863
571386
9442
7708
374087
1252845
5375
9176
10287
582437
355697
727781
14512
190864
852501
936367
551634
7421
91128
1246383
5763
7553
67712
8405
7473
5319
10667
394355
287809
889550
417658
8664
1016591
56464
127629
6566
3996
1097066
737830
745348
11838
12523
810109
3272
280685
9151
566872
384088
580718
518180
242237
1318053
29109
1682
898996
885932
308054
5554
1081466
11022
1225089
3481
344060
300085
4524
4834
604893
165157
14370
7990
7535
767761
12343
7043
253953
1288378
1172144
586897
52812
753550
3346
7463
4092
1021721
8411
191051
793500
313212
463892
297508
6965
1299275
41831
340634
3028
613618
1232780
5998
819064
531551
893482
9881
1109735
1168067
788072
820541
357548
588557
369189
663667
9616
226810
366569
306318
1065681
9362
1096490
454685
12341
10158
460629
407124
802333
634018
2845
798087
374791
5659
6616
6549
574234
5619
2223
5444
7862
8424
7977
4793
899263
10681
6575
5562
658103
508479
5521
3332
441384
8055
571968
380089
3513
13974
454879
12044
7458
119936
8572
1197111
530219
230462
1051149
7948
3822
745823
36925
116899
3790
6112
9231
11100
6761
272038
3905
1743
961336
327329
7791
250324
237748
917497
916121
884517
4939
301179
993962
6723
428059
1058647
316160
9017
591139
1248761
189983
5758
779733
5726
6664
185703
80405
6161
7072
818656
992062
5017
5004
596221
1263652
8467
842282
264526
2737
899943
4613
344186
5665
9139
1217450
1147388
876124
684701
8283
16562
84931
5516
4689
103159
6559
5814
4572
751709
89824
778786
1195433
210710
10261
250417
528748
102310
355120
3737
1245592
9921
4599
8309
5477
22560
4020
8062
3952
6174
444612
374270
8028
150591
911498
289952
7022
7423
943924
7916
7682
301826
729083
8951
7500
935596
7059
5774
1038935
328293
884765
7559
12415
7228
8217
8096
133479
4593
1257929
7503
88943
11077
432460
4545
8951
7461
7546
459203
5127
220054
1082044
1202869
4781
7618
473149
10965
10677
7564
5017
1003113
4375
84356
7354
6629
794851
9316
2712
2972
352099
5842
7236
9940
11215
957705
1246399
903792
1016463
4663
952918
838315
9135
135722
2883
758592
90289
5078
6168
6645
663875
451735
121681
27419
4838
9538
256470
9241
13271
687064
5297
137509
2401
1283377
81400
5565
318150
10214
263266
7927
384271
156870
589170
164680
204680
10640
11391
425112
3359
1298938
407874
7619
1107855
992792
2308
1014432
10835
10317
10464
6004
6558
252857
7564
4360
98921
689625
7158
12690
1107912
191753
538332
3849
457827
5634
8289
8281
180674
1089726
8274
211637
733634
1125987
9204
109275
881006
6619
667480
11478
725421
9396
5319
661116
126495
771529
338742
4541
960174
5460
10863
497995
6822
322471
929022
940084
5773
244339
8502
825794
509900
5154
721540
7130
8167
10562
8845
7114
341068
885946
6319
1975
13947
123422
467349
8275
2373
3094
101153
5221
2655
811691
5090
368800
5971
3109
1202126
298399
51891
623422
7449
8059
617922
122635
409428
1242362
326662
2120
12810
5468
9586
1321929
157655
4874
1021431
402516
7209
696809
8967
1164625
5453
884254
1263355
905419
6153
1058438
6614
967307
1180139
368816
3233
390878
6387
298791
11491
249184
6735
884884
596353
1252780
3238
880419
388123
1020026
38587
394376
435650
13063
4775
177399
152512
644225
131396
8730
505960
10568
5917
1297969
314883
11221
38186
7465
9761
1210068
828168
387182
339324
6571
433109
7465
1281184
32615
6355
267711
965870
471931
10817
787110
12491
6888
577329
3397
6276
11823
11993
9015
629022
451073
8058
305264
1103069
688018
606303
6805
1092431
882609
433301
316186
5625
145072
8657
463095
379626
6680
458457
9569
6496
9840
221518
488549
639267
773932
843669
355503
1047950
869949
11362
163522
7055
6477
2171
7239
3406
632333
7404
381736
124303
303322
723325
888950
11611
23608
108910
578380
520032
3958
376202
811427
6908
647898
1163772
838720
880022
199091
8907
4479
974903
3928
937629
793957
164916
367898
452319
548417
1068008
9769
10049
757
5580
8909
535087
874738
46252
3429
5530
461047
1232119
8089
98086
967795
985939
10941
8453
1243883
62344
5984
160227
220430
1047893
942940
295523
456431
6328
245190
425836
285239
674556
698530
365604
29235
203895
158908
314815
10408
4853
1291167
5240
28346
629719
168444
9174
12626
6895
1230774
6156
127469
7623
7611
7325
827768
7020
9458
545993
5683
9721
974
7235
157614
1183177
8981
3185
492510
774705
37069
1257207
5223
226424
9560
142639
965334
1170664
3170
92579
1261598
638915
1154639
325470
277553
11007
6488
135964
415944
7459
1021790
10115
7186
983081
1288390
429480
9513
415498
721323
34474
29992
302503
7728
935084
371305
143415
1124426
2730
835542
913168
555025
6847
981826
8344
1093168
4253
21702
8719
238580
6332
2936
305771
6226
8863
4258
142403
5304
410847
2226
107312
386355
4874
6039
6788
8058
713572
696662
6321
440771
8639
937757
7552
138263
10365
9554
230246
906859
3635
195143
8789
4711
8981
1014870
10476
1104457
433664
7149
4767
861856
9724
6726
1109157
273698
1272902
8063
1595
155153
5036
10145
9110
11447
10406
8593
112456
6914
19726
91091
6446
318136
1591
29783
817051
4560
371506
8022
1297048
881628
2081
11670
4601
965091
4948
1889
10818
270339
7256
11610
453489
254232
11460
5250
7670
1581
5696
7017
269662
294434
470530
561847
123768
7145
134899
14202
6624
497734
12747
4225
12151
1182111
396449
209318
1187375
336178
10918
288916
1223235
271966
7541
8682
6506
2162
829047
13267
9955
842682
230635
197127
92406
96118
944749
422886
7809
6371
841178
9695
10057
9252
6900
117800
5472
7821
280093
1250936
7925
265909
9606
386204
10464
3925
556158
138655
520265
846759
940924
7299
862208
8220
308959
796707
114028
3556
348780
10470
775234
2835
198894
1192470
7670
29344
2744
699674
9922
1301412
870152
834791
8766
360681
11678
6536
962088
12858
238769
4355
4903
8222
1291301
460281
225295
9450
92940
7724
653244
5391
2802
11662
167632
1051101
392574
650586
3392
7989
988558
10658
839908
656424
7398
480127
6482
5166
409074
183457
443535
1153399
185857
5273
108348
701438
1219826
3646
5219
889532
302672
98499
275793
5459
1033290
909510
8533
3506
8525
407802
7812
1012915
414643
204087
66942
8406
6520
4787
6491
8492
257753
436678
10788
812172
6779
4695
822311
8808
519177
377483
7736
779121
753422
520725
554015
3069
123213
768785
4371
1065831
11260
11011
10357
8160
213958
8792
354315
7014
5479
1110403
258347
8645
1321874
8166
328525
280636
245021
4830
860978
1012655
5412
7312
184526
4127
5108
7477
208792
13981
7496
6914
4212
23823
3974
9897
10720
9015
8973
7808
5523
602320
1075726
636746
1008543
3535
10782
8664
202462
11516
2971
188321
4667
8267
39794
15403
1134654
1217126
11109
816471
9758
298034
12973
58637
8176
10064
2639
462587
2734
6210
467984
9827
6212
1201995
801895
418191
510288
398858
7491
100523
2489
323586
3934
317064
4457
1089708
5651
1054174
559335
2841
7480
405382
1167326
7328
529661
7996
843
742767
17475
8629
823554
662299
1282473
5307
6614
9052
12991
774096
6244
1076857
10925
10727
511248
166352
8019
1057146
506637
143608
8521
229317
701799
6394
2726
436733
650026
5404
507432
428908
7095
6062
9532
839985
278208
266074
12912
406577
8449
792156
6858
6297
182293
1165862
226114
5557
3861
7167
14498
114769
290518
728083
8619
9035
187298
77015
9666
288328
10354
5686
5596
4599
1207441
190634
1252622
4705
213003
931378
2845
4476
1249068
12873
360696
118185
6553
1037137
114537
6413
10888
5765
1068343
4709
733619
11345
1192895
1189534
968105
230417
559641
10195
1142136
1012703
1005133
11785
292534
167751
5778
7787
5285
5885
423972
711730
766676
12452
319950
1179237
39132
345171
350612
911340
531326
8294
945934
1293582
636913
3304
453813
12622
2229
862093
210850
338945
7036
1129878
851260
1057723
1042
6171
1117987
803884
464978
28676
39737
10065
322465
5067
8214
3331
10196
246395
8976
351396
7800
379335
10729
4483
6227
1044312
926240
90280
9445
4276
1520
3968
832625
896302
772464
10545
1074
26058
9876
417406
294954
882444
471997
5636
5553
382997
1140900
3614
5825
271460
88174
1069964
4800
987946
291917
7171
1779
370217
716742
1039415
5263
4101
1231149
796456
1005169
1877
55911
8922
938414
151777
937175
511647
10400
5495
415799
11329
14322
360863
7259
1125772
315655
6641
7033
1284762
182814
11971
9323
565547
9648
874520
1284771
1183552
292910
4710
6973
5652
5327
8523
761428
8013
942090
6962
1187984
258783
4173
207292
7591
697344
527951
587990
5118
244778
5253
178505
4974
553620
408079
5693
9670
483775
12256
4168
9591
9003
971399
91132
9681
1175106
138720
1046604
12355
7329
555687
426058
4468
12285
6334
6905
635652
280729
322067
1234896
545185
2740
7465
416098
932910
412921
642784
119998
179093
13454
1284255
490941
369821
6697
4711
272500
392163
2160
339042
5783
3541
872145
1263932
258268
3026
6813
8516
48029
56564
776268
5789
917670
488489
7720
1200327
319479
6836
5370
319613
956841
5315
8596
3337
3500
6844
11203
1011649
961232
5206
10284
533150
1048160
463892
199579
8729
5488
712130
1114340
10023
1276361
175405
2816
251161
59319
942689
98272
11259
1059301
79173
8054
246406
19517
2289
8749
982979
1061919
6697
4326
475686
353108
323672
2527
121410
6634
33740
3415
4941
4933
11535
1120065
96331
6915
12610
5430
10646
126206
9309
21072
724214
10679
4881
945180
1216642
5320
227508
12462
238130
6889
6049
245738
997526
295588
548388
5452
8291
196320
908742
7898
10942
311097
8139
694679
261551
857458
99067
406911
7657
2685
414367
1180788
58390
1126133
11139
287019
708963
121011
192870
6001
767776
1076169
8988
434898
415748
8244
2064
103562
242929
1110556
496304
7603
542990
11241
386292
1071792
605771
3234
1003844
9471
7362
537923
6579
741975
1973
924174
1179333
336490
442386
383360
9598
5902
6968
7007
408233
3772
48791
80757
737950
323865
842553
9089
7701
7379
1213636
8574
1108414
5582
1154672
1041177
654659
6678
248313
6370
112427
1243832
6892
120860
702401
11172
8317
10066
1139338
6630
6531
7174
851203
52023
110313
7854
30905
307912
385258
280426
4855
5862
1025405
443346
6940
7002
1061644
467064
9029
1154498
2396
223772
945154
163924
4907
575568
5303
800711
8776
156774
3676
8272
734728
1009448
649823
680503
6473
1158939
746557
5102
179154
536744
821671
815913
10895
1201949
304130
840005
11003
9394
485623
614313
543679
135631
582441
6994
1000547
465344
5620
768883
11730
745364
334331
6492
1244689
887414
1027887
195133
8623
1045246
6771
437976
268725
800968
12784
154322
35200
313208
74944
607791
221505
507577
5174
6671
448977
78775
11351
521681
8098
5921
12246
95908
7054
790041
1210617
263335
666577
10968
980682
482603
5918
6054
443934
16429
8190
1231030
651785
87460
312789
646427
7863
162364
8231
315802
177991
1317209
3952
6891
4823
1596
881060
1077640
1051770
2118
145827
813477
157861
1183910
9398
82968
479903
1175755
8161
701496
11118
4557
10915
914200
195734
87463
889679
7387
924104
9983
289665
657707
528855
1957
335391
1039034
518661
306321
96427
757059
717869
5278
458432
4935
511911
188667
658280
9910
813170
2689
471103
34470
999740
1195365
722906
7853
1197446
8314
9071
801542
362839
832603
823847
997044
5207
21753
985361
775813
1115236
67002
1073109
7135
9388
6972
10378
982669
442664
695
10676
4371
768846
454087
660885
6391
880693
149668
787268
546630
3161
117349
896673
1139977
10471
236634
1083523
5565
569158
108191
1049908
1129712
423961
105392
168985
7744
495825
576346
11061
26339
65620
875594
4455
7163
5744
500060
9198
100129
75242
27282
612166
7232
216180
109922
3718
147763
36699
4813
636022
1129871
209131
7981
58209
730048
4429
6328
7347
3421
7684
646645
4880
10203
840894
3544
1473
548056
6735
359305
369047
394836
9079
283645
261050
6772
1027202
12305
4212
8757
10107
3305
207820
212731
8000
9819
6201
91781
350557
321514
1066359
5838
6282
12757
1127316
4190
397336
317862
11119
9091
6742
1175496
5261
211138
833388
1168465
6529
1061888
2071
224974
8975
14713
472605
943559
332353
1219903
427522
809651
1078
575930
7437
9069
634804
341049
862561
946535
3804
1122356
157655
806213
315457
9273
962206
951337
5328
416798
7627
568035
1818
638962
1955
9915
8292
531520
178285
3017
71201
324359
6337
7697
182775
9640
61677
591001
9343
600841
7108
338442
1090113
5602
924965
896259
1225988
173512
71113
408239
646552
5980
901697
559232
9309
4578
15567
337675
6985
247367
7387
119054
860756
44349
6043
7551
753302
764887
8571
1025491
235391
169867
6710
1006140
387463
196122
1058866
2977
3712
869674
6215
6194
718916
6036
514652
88619
6292
4451
7468
6273
10605
458611
7641
1213610
4465
286802
10634
4272
7449
2094
261404
1202246
3109
9415
5558
1111095
7986
878627
6672
4985
4291
9945
6259
647653
720519
9245
3656
669889
322132
103707
10888
200965
8606
2227
318545
38913
981117
5394
547165
7396
7504
777214
665923
5383
634660
10024
298653
305585
556443
368132
9898
934003
58713
682898
6943
8971
956874
6097
51428
12993
33109
143506
884506
833044
733410
7901
7206
1181740
7549
6520
12982
519524
945434
367067
7750
1028072
770952
5567
283031
7076
7554
982894
24152
24087
1254936
10844
7553
1171332
125693
1009497
6698
5948
1113366
920870
30983
10250
282493
435182
1161929
127269
7182
472760
9806
4443
317965
631789
1146477
4628
2004
7788
720094
874553
2598
6593
24863
178232
71564
55187
804163
1311024
9993
11774
549607
181286
1132400
4556
455110
55015
993283
8396
1088715
76840
8400
9272
6244
6836
967711
1149755
5454
3974
917890
3967
338117
7915
921124
6048
4669
9183
995658
7926
394938
1340
6017
815668
625415
21000
1210143
437660
3560
385233
10645
838026
5276
7156
877654
1940
347042
38424
142616
3730
286955
2313
148382
5118
8891
239907
967400
818354
750920
10158
995418
355631
1076145
785133
5117
283098
4175
392662
11498
652991
577063
840454
217254
2780
4872
687806
651174
579236
152355
16611
8118
935365
7096
128167
9953
770507
87576
1069474
1278910
3467
4937
5449
400675
336316
6796
1102240
10805
821075
1076317
7639
1126033
5176
102647
138175
5015
628634
4565
6122
973086
6875
193646
735461
3252
584762
9233
6400
11090
347491
1160782
518426
5188
270965
2407
8566
93538
494319
7455
8789
663115
382241
611016
4001
120642
3286
918444
131993
9179
226091
556910
3789
12182
415501
454143
104459
304173
5646
720733
243025
324027
523081
750008
8447
584739
295735
6818
260082
5614
1186918
263518
448913
850716
577688
6591
6498
494058
8509
1174758
12960
7724
683410
589762
5679
221319
429316
7860
10166
6695
4771
866757
7301
709742
233168
6609
372497
5110
2605
166829
1117315
6628
3323
6857
2019
682303
1200983
1165084
7753
150814
6835
244886
268052
10046
371391
7054
6398
6549
1234009
85542
5478
8807
1293409
8319
288789
223552
667734
447440
9952
5639
178462
107231
3956
649278
94979
6926
1111284
166416
5294
793837
6315
1254967
602337
4031
681834
965679
8372
574186
141611
521534
213998
469196
429505
11185
8979
1056032
673428
6031
493452
744386
9771
3463
10129
320574
1030799
953579
4450
8529
847794
1158659
7341
938536
185617
1123549
7155
596367
4172
1317217
5256
917070
6431
377485
332267
1296014
68087
1055052
345780
6625
6059
696845
648406
1004853
1301308
383151
6267
106267
5531
7718
172507
52890
352960
735418
5825
110411
1253317
201810
868363
2520
7997
1000929
325208
6526
5717
584384
1137785
597580
13696
368469
522782
85471
1117948
6818
24248
119960
7234
2783
522696
352674
914216
3261
1109869
9457
9204
243102
592353
3190
1236446
880958
1039398
303509
554781
5404
5718
7110
8519
138402
930581
3982
68265
907016
9932
4667
139548
4886
811354
6517
653791
4558
6193
3004
9781
10320
1289256
11047
618415
87382
550339
938158
339237
4262
1017893
6290
1214851
6874
115463
842158
7657
11457
19397
165882
12298
6520
1307289
13295
1106852
135517
7693
461203
11076
3205
603907
670659
951096
161008
678167
7963
3180
424530
1210216
615561
3533
551811
2817
235061
8234
8173
466664
1654
1083017
624979
98039
503719
248119
475227
1217106
165305
13118
741013
6696
5632
5333
155050
1008243
447995
4069
11800
94636
827524
6455
372824
749038
1197009
11837
4122
417993
875855
220173
2375
773005
6438
10450
7916
765605
1034104
8074
42886
303741
67833
838661
7864
3033
95542
10025
85150
17853
6459
26154
92827
7730
15006
6143
6586
225973
266715
5654
1322268
2468
9579
832279
591198
7145
3283
314188
147768
9105
4647
208474
6543
103813
78553
400107
191126
1180648
898538
6948
1134762
2910
366060
323423
430618
41017
407111
6344
6684
412078
772210
11753
11546
1259410
3385
5135
330497
5497
375921
8203
3459
246834
314756
935879
493997
394035
2933
1094567
10368
9979
1065164
287008
97513
120985
5345
250253
486570
878319
506037
472287
77899
6671
6771
759449
638612
927548
643674
9104
7513
3077
1278307
5845
821275
1035620
9243
860536
1557
178492
95433
12180
8275
1148894
1170648
790546
900496
445965
336178
537
226820
5708
5590
1068302
1239191
322194
712400
863546
7440
4875
9678
7985
944
1094650
857627
1110201
1079091
1281838
5720
8037
7781
371232
974538
329629
501443
337477
430333
10098
115875
11663
11294
7861
221746
12187
457434
191887
5736
3977
305043
2370
6214
681721
8163
1060713
65772
658267
1224525
1488
343179
662647
293904
585906
463671
7000
5528
365481
8949
979571
799258
5621
282197
7130
72416
734126
726990
747472
9664
9219
26421
972168
1003357
316079
776102
5625
141507
8828
784661
747297
6885
1151500
699023
3299
1398
6926
11255
1031628
9274
15533
8581
227391
147381
357529
1210835
5646
6283
166930
7834
5874
511233
322046
6447
193285
7181
839529
11886
10068
315088
7130
3574
4663
9057
368704
605177
9509
9675
9129
4142
732022
40176
6764
7785
1152870
1201067
5770
11448
11629
7603
773609
4075
593554
7537
7676
1122449
651394
5788
4114
1236219
9909
803838
202804
797221
8460
8767
168732
255723
3996
13570
447196
533781
304185
6546
571882
930398
1085901
1197119
603584
70130
5123
54712
2872
4817
221078
497520
141142
6964
247563
971783
6008
1236390
283469
4089
177092
328862
9231
5469
357160
684660
179706
812571
1090875
5929
573049
418041
345544
669452
11717
9075
3960
105066
9464
1162820
6910
3036
675509
613352
12105
6507
3530
9312
317113
4227
581756
8478
634028
18004
712521
5288
7526
69217
682743
5511
999220
2040
4939
969011
248312
712718
3154
1151819
184465
1207185
151215
105252
466614
8413
578429
5956
300542
1902
9063
958199
207300
4321
8432
44430
189767
2771
303451
664124
11568
111407
10825
5893
155141
3433
508357
595039
192277
7871
4976
365450
1145167
721164
377336
5607
7996
2006
7675
493094
20611
9224
6692
992696
9948
8972
208091
452870
4119
8335
7777
4842
72717
771012
825566
309865
463476
39025
1117485
183885
873732
4906
3007
106798
8008
4056
6783
12005
6297
465918
764495
12481
2062
62370
7668
124160
7589
8680
5451
8496
3713
869937
1076256
8856
684115
2769
7931
2439
8419
8006
1048904
501233
772656
637848
364616
6882
278447
7328
9088
1199269
204758
4666
707795
820497
1320074
565181
4952
8115
889518
9023
98031
684280
373227
137833
7245
10542
51138
627938
291782
3551
9379
507890
3578
9240
1197876
5194
10925
7109
283898
248011
816475
382730
971965
5072
485082
1475
8907
7406
1097518
4313
284166
688825
946992
227211
7073
257721
8659
7586
584464
492968
637896
445095
818379
34019
55289
1038271
58207
689961
634750
7679
8685
5344
4857
870012
7006
365942
703055
677527
4365
419794
11076
1045973
880815
787315
91146
961260
11235
922939
6342
738253
1287239
24096
6422
4981
4847
525917
749647
8421
906313
309949
249102
296603
1248046
6446
3983
3494
436974
4548
417610
957652
837032
1844
7284
9883
11982
763312
992047
176852
832018
547960
79032
11049
680441
6420
53597
333620
124237
617130
12094
2158
298144
10008
240724
4782
248456
765826
5835
8735
73062
357844
9802
711201
637887
8572
1188422
1268525
461847
19455
9537
1210112
841856
3895
79170
6202
5653
212477
940677
84973
1582
701091
143695
1117504
5622
5620
744605
520012
185073
370598
7328
445400
8598
16653
8597
331458
987127
5522
1050512
1035440
3696
5808
1254690
7411
7268
9485
10145
941438
6659
326859
1271716
7876
6857
1287507
6431
82911
6617
969341
7186
8868
664332
474696
5351
8440
382185
25255
9799
550318
1320951
9086
309967
33010
5923
9005
3028
339343
9638
832797
6977
657719
431266
5485
392123
4173
1058577
193454
7493
166682
5764
973734
160694
460009
1034893
6152
737107
933838
139693
6110
1905
553593
75079
290075
5593
354630
694959
817013
8154
149121
33076
5023
9557
4553
12912
316385
483909
56607
1315794
372727
708496
6576
769509
8672
9276
408914
196688
5225
530142
756417
6659
50171
7679
439508
10046
723869
5625
9008
3612
234477
159506
842796
11921
813046
898650
802465
853655
7810
523072
18726
623970
6067
259178
1210010
1237412
343190
8190
1001091
514265
812115
7110
4609
10882
256476
119207
6786
45594
2031
835117
673919
9484
6264
1118517
6862
9793
11407
6852
66543
341176
549175
6702
1075899
443272
953994
10408
5279
44368
734820
7448
12944
727868
33992
11147
1044321
528418
10383
775558
5551
1100012
325599
745483
3441
8154
38082
9081
5026
1164135
406414
464393
7581
521693
7530
12076
8001
413581
369527
7848
549921
798647
10815
8446
202781
320499
135560
7313
597042
3654
6187
307
7081
1311689
308897
961845
248787
930740
361914
528694
249133
642641
110993
6167
143037
187417
661562
130101
605630
1142459
985063
1298048
1009318
756937
450222
636811
379821
247223
611755
99611
2693
566074
304591
830335
21657
344961
1187107
10652
491958
6261
3378
605965
24256
5526
1173006
361092
4964
25285
11399
850218
10423
654015
6465
8626
5809
445773
11966
849731
285014
9133
8858
726401
4417
7869
77634
17326
1015111
434551
8716
683449
10439
14055
160816
803362
5258
12956
1314095
897563
458645
601994
1041014
1021328
9190
314667
425823
10036
197336
520573
3551
562265
705668
304547
292250
622091
835326
1145500
1241805
339315
5411
11812
549095
650085
667405
2629
610083
853128
811216
277756
387342
8727
91225
350110
782733
846209
4188
11400
302810
145425
1164373
1239482
626132
9203
599636
6532
1063127
590663
177585
807624
8707
7705
1058431
191348
1229609
4401
5429
302131
4201
13034
6697
343649
315364
1047955
11835
121734
576182
168416
8255
820361
1238
548352
1180553
618458
215614
1025809
1192937
5712
4869
156244
6427
319449
13009
100050
1079844
10089
3139
6540
38507
1224353
1007708
4302
670655
3871
845058
662228
3231
8972
5880
11311
708993
11099
88485
274168
553615
9306
10362
1189380
169229
10823
6724
10686
6462
10465
12789
7743
10029
9458
480374
180451
717633
947102
123784
5221
9177
42071
8388
5674
3841
7853
6875
5800
7210
2772
616717
7135
265685
2907
7619
5414
51328
1190601
518497
2607
7955
372662
3747
1150020
959978
305946
3728
921705
1105306
784889
2228
1301155
109438
5015
8372
57716
1037074
342381
5512
227055
6100
367291
112036
7220
997542
208234
4235
166492
6638
10853
316248
4969
508725
838143
733785
208675
777996
81532
949597
4381
708666
10275
842112
218230
335580
5665
899491
1225622
844904
7402
1284658
1078185
332699
375496
142264
429157
587678
9520
7748
1500
250779
7840
738771
791102
971152
539584
406354
200064
5541
8366
62083
5767
667392
889516
606764
3637
3514
7086
115882
4013
363514
3640
5304
856667
353056
705701
15944
546967
3678
4092
1151594
510656
134170
440149
12093
1236679
7083
11820
66543
2784
391698
8788
327823
11576
815952
6526
983868
9940
210423
599691
6055
801508
11924
505005
7819
628016
1174176
3402
806838
6113
1099060
7901
8782
6093
9510
1218893
5836
19990
5659
653376
2890
311294
924384
37660
1149185
10516
6702
9345
11247
88117
595595
3566
1035704
427099
8975
844874
4551
1160245
1267342
5032
411484
597048
340105
5999
725241
550827
630136
788832
759410
12416
618174
725873
191699
7020
655793
958828
1062227
10067
4104
61437
736023
867704
245985
1304624
188045
831806
7270
717616
972040
4418
432058
230673
313817
580172
4593
301242
7050
687294
967855
714539
1290781
264607
1000105
8250
905832
7812
7829
885311
1207888
381962
6990
3840
1152841
182635
1108644
487047
6806
778906
7376
1160676
4219
1149959
606977
347834
521879
1173354
1234067
715129
4199
707901
2645
6174
306437
978536
6861
4789
1211274
3866
839748
135261
414905
7020
5925
4033
2409
103780
92982
905947
948695
306651
992522
4960
3389
941067
2845
3077
6487
205459
6460
624180
6255
2756
6619
8399
198091
1147084
6045
7208
1097868
4487
3838
9343
813763
1297054
3831
6959
6771
241841
13342
208739
4864
4136
1574
170815
354047
341630
7727
1197121
8964
1021368
312518
551610
433751
8627
873609
9155
10737
168045
395486
1077414
865476
146078
7679
7076
2010
186303
357761
7515
6855
407622
100759
6762
7545
1035274
9814
6916
7560
3904
1241604
737508
481030
207198
1043520
1069718
7948
5163
471399
207636
6237
1157987
3836
357768
9005
792965
6571
551152
319233
4091
6458
9179
7873
670677
757532
812067
1198606
3956
9535
1083424
6697
4202
375575
514332
78978
101846
121162
613819
2662
508379
35675
167009
8572
818804
4519
678979
7691
6213
308769
120229
1272249
6788
513586
3182
628718
608836
9510
82536
1279671
2079
1116360
352331
976735
10972
10613
4848
1150602
536553
966752
4864
4855
596696
1147774
4600
5798
8488
646608
360612
6439
813920
94112
5721
930794
10614
5127
552798
3334
1298623
7527
8177
1131374
6556
928229
228582
701365
9586
9684
4515
15045
786955
665098
255259
2153
85693
3531
22399
56837
1308772
6410
248194
761610
5503
405287
209417
2819
588749
246114
8657
4809
