167
195
126
180
165
180
169
134
128
200
182
222
130
213
186
136
206
155
201
175
164
138
141
202
160
147
192
169
164
207
177
168
203
213
158
196
156
201
194
179
155
129
181
183
170
204
177
176
192
132
185
185
191
212
199
183
221
178
201
212
139
156
147
150
179
140
143
181
213
138
178
126
205
202
169
210
144
208
204
207
174
143
216
218
159
153
209
174
160
199
168
157
186
178
218
130
161
147
154
162
202
141
179
212
180
127
167
183
204
138
198
171
147
199
144
159
143
183
197
179
172
182
172
170
150
218
130
180
184
169
170
179
211
210
159
184
129
147
181
218
219
151
165
194
199
128
147
166
223
177
147
198
164
170
195
179
183
135
144
204
136
138
180
189
195
164
151
151
168
202
212
203
177
189
164
163
202
150
211
148
181
134
196
166
186
204
138
172
207
157
173
207
211
197
165
136
178
218
139
173
222
217
174
164
218
202
212
189
217
141
173
158
145
126
175
150
139
206
185
214
218
211
206
175
151
159
218
160
167
187
163
191
214
196
205
126
142
126
151
159
186
168
193
129
194
216
154
184
196
178
188
185
207
139
144
133
145
149
160
190
129
166
183
211
191
170
138
143
140
129
197
211
195
197
176
193
177
201
216
177
182
187
131
138
148
144
195
219
146
128
163
198
196
212
154
158
189
179
215
203
