-2262
-2262
1132
932
1016
4035
2651
6518
3952
1335
1535
1838
4668
7215
2094
-392
2132
5525
471
-2602
-311
-2299
907
-4099
907
1706
884
2173
-3718
-123
4970
4970
4186
-1242
4186
1499
-1509
600
2819
2819
3871
-796
-332
3059
377
0
2344
-2150
2344
2344
0
-2126
-848
144
111
2579
2579
1285
2103
4424
-2766
-2094
3601
-4515
7251
7251
2930
6237
2122
1146
2122
2990
-3265
1436
-108
984
10
984
-348
-2054
-6531
-348
-348
-1137
-866
2061
-4601
3135
2710
857
2710
0
2208
-1281
1604
-1753
1218
1894
-27
1365
231
0
806
-879
806
-196
-196
-1842
640
2921
2995
382
1164
467
1864
1522
4528
-2661
46
3032
-33
-2317
1306
1115
-1795
-927
-2207
1716
0
1716
7226
700
-596
2431
-488
4795
4795
4795
4795
303
4795
1059
1349
1349
1349
-1209
2875
1962
3841
1923
6467
2534
-2879
2534
122
317
-796
-1463
1258
1258
1258
152
4640
4158
2560
-77
-1198
736
482
520
3620
89
3802
4350
2962
4350
5814
-1645
3388
3423
904
-1580
969
969
-489
-199
5013
2722
1231
10719
253
4148
3465
2108
5068
5429
5730
2182
15
0
570
4601
92
4805
1616
339
1027
801
1584
4764
4764
3049
840
9229
6915
2841
454
0
3684
-551
1197
3541
-1745
2485
2485
-5670
-2045
-3088
2412
2412
1433
-1892
-6750
0
323
3735
-490
3461
-3489
-2866
0
2843
-1790
2843
0
2843
-21
1070
-1244
2249
-4434
1722
1722
3609
-1723
2531
-751
7410
1286
-2727
2417
5649
932
4029
-2354
3772
650
-884
542
4743
6012
6012
1515
152
-161
2960
3729
4936
656
5235
5235
5235
761
7169
656
-262
866
863
470
2533
-1343
1779
1638
1638
-540
6056
-193
5453
3658
2685
2685
2128
2128
-295
3058
-1654
2128
306
-589
4356
-611
-2922
278
-1837
0
2000
770
2000
2000
3097
3097
3097
2697
1917
2341
4030
4030
6339
