31195137
135978799
823071667
511920182
62106843
529391403
269616613
749186413
891987759
255046602
696534212
352168426
496379838
559286954
796777392
614764804
599944783
38908821
707917015
222543131
551435375
499122177
136001112
364984585
583709182
982954072
499122177
934288824
665241308
235183517
949691726
822821052
46961339
377355040
822821052
161876754
746617067
603092910
513178179
112671630
75538913
851264285
536694895
499122177
359063261
733305508
414535172
944553907
36469043
273096226
254819255
984983349
336844910
690977885
427179866
518493960
498820482
878044705
281149680
512062722
752276874
1332036
429714392
499122177
123701149
974621981
935544634
157326168
431222682
903310910
941677946
279845369
423942567
499122177
99133985
867914247
642673300
499122177
499122177
709358819
499122177
499122177
939141226
320886144
680917928
226564032
133250700
479971714
499122177
499122177
499122177
925568127
91953245
504168642
535892331
499122177
102452575
895514102
416299240
703726472
426599111
970573684
499122177
499122177
44746913
499122177
702397340
388844813
499122177
660883109
487195580
499122177
499122177
612949698
499122177
172214215
984118744
499122177
658189298
244782199
578494178
971413642
152949905
960233907
737626481
499122177
715476228
309835522
824125592
141541443
373029962
135120232
499122177
770655951
662307735
417462510
499122177
499122177
667617627
667575066
183285435
499122177
495287661
499122177
566496948
970847861
43667722
579148467
405563418
380492227
499122177
499122177
499122177
786033214
499122177
310237583
88896901
499122177
685703234
491993204
499122177
499122177
547051481
499122177
499122177
486977744
499122177
499122177
904392453
499122177
499122177
499122177
499122177
865420521
215987003
499122177
499122177
755064261
499122177
83230201
499122177
499122177
374041598
499122177
499122177
128378305
499122177
499122177
963590620
499122177
927977049
499122177
499122177
769355212
673647789
499122177
836245569
499122177
499122177
499122177
499122177
499122177
499122177
663467903
36282315
499122177
499122177
224369526
676359634
499122177
499122177
59037613
499122177
499122177
772288073
6107543
499122177
499122177
499122177
552154374
499122177
499122177
499122177
499122177
499122177
499122177
499122177
4910945
499122177
499122177
499122177
836394586
499122177
132211127
499122177
377071240
499122177
499122177
499122177
499122177
499122177
413436326
499122177
499122177
35132360
499122177
723023295
499122177
499122177
575644262
750440465
60036038
499122177
499122177
368693257
499122177
499122177
499122177
943385554
499122177
621790760
790516548
499122177
657674109
499122177
499122177
499122177
499122177
223869146
499122177
499122177
968065526
653619761
499122177
499122177
499122177
499122177
499122177
499122177
499122177
499122177
499122177
499122177
499122177
143276661
499122177
499122177
499122177
499122177
499122177
499122177
499122177
499122177
499122177
499122177
499122177
499122177
499122177
797571047
499122177
536361042
499122177
499122177
499122177
499122177
721382589
499122177
499122177
499122177
499122177
499122177
499122177
499122177
499122177
934844725
499122177
923403422
38461776
499122177
558509048
499122177
499122177
617954674
499122177
15364880
499122177
350040922
499122177
499122177
442961646
540605973
499122177
499122177
499122177
265241885
446198938
499122177
499122177
932008314
499122177
499122177
499122177
790475844
146943465
906637129
499122177
499122177
966979595
499122177
499122177
499122177
499122177
499122177
499122177
155418229
499122177
499122177
499122177
499122177
499122177
499122177
499122177
499122177
499122177
499122177
499122177
499122177
499122177
499122177
499122177
561466147
4941239
499122177
499122177
499122177
499122177
499122177
499122177
499122177
499122177
499122177
499122177
943474646
743569099
499122177
499122177
422528754
954981750
499122177
499122177
499122177
499122177
499122177
27749286
499122177
499122177
499122177
499122177
225665024
256768511
312353983
499122177
499122177
499122177
499122177
499122177
184949498
499122177
499122177
499122177
499122177
499122177
973291112
499122177
499122177
499122177
499122177
499122177
499122177
499122177
499122177
499122177
499122177
499122177
499122177
499122177
499122177
499122177
499122177
499122177
781268120
499122177
499122177
499122177
499122177
499122177
90467981
716942132
499122177
499122177
499122177
499122177
499122177
499122177
499122177
499122177
405954178
499122177
499122177
499122177
490622281
605509915
205420524
499122177
499122177
499122177
499122177
499122177
499122177
499122177
499122177
329613173
140676333
499122177
499122177
499122177
499122177
499122177
499122177
499122177
499122177
499122177
499122177
499122177
716720877
499122177
320783456
499122177
499122177
499122177
499122177
499122177
499122177
499122177
325078124
499122177
499122177
499122177
963887214
499122177
499122177
499122177
499122177
499122177
499122177
499122177
499122177
499122177
499122177
499122177
311996952
499122177
499122177
499122177
499122177
499122177
499122177
499122177
499122177
499122177
499122177
499122177
499122177
499122177
499122177
499122177
499122177
499122177
276765189
499122177
499122177
499122177
499122177
499122177
499122177
499122177
499122177
499122177
499122177
499122177
499122177
499122177
499122177
499122177
499122177
499122177
749410837
499122177
499122177
499122177
499122177
499122177
499122177
545864549
499122177
499122177
499122177
499122177
499122177
499122177
307772285
499122177
499122177
499122177
499122177
499122177
224652055
499122177
499122177
499122177
499122177
499122177
499122177
499122177
499122177
499122177
499122177
540016980
499122177
499122177
499122177
499122177
499122177
499122177
499122177
499122177
499122177
499122177
499122177
499122177
499122177
499122177
499122177
499122177
499122177
499122177
499122177
499122177
499122177
728324628
838809947
499122177
499122177
499122177
499122177
499122177
499122177
499122177
499122177
499122177
499122177
651759820
499122177
509073128
499122177
499122177
499122177
499122177
499122177
499122177
499122177
499122177
499122177
499122177
499122177
499122177
499122177
499122177
499122177
499122177
499122177
499122177
499122177
499122177
499122177
499122177
645903607
499122177
499122177
499122177
499122177
499122177
499122177
499122177
499122177
499122177
499122177
499122177
499122177
474838805
499122177
499122177
371483386
499122177
499122177
499122177
499122177
499122177
499122177
499122177
499122177
499122177
499122177
499122177
499122177
499122177
585043976
499122177
499122177
499122177
499122177
499122177
734204052
499122177
499122177
790859433
532634009
499122177
499122177
499122177
499122177
499122177
499122177
499122177
499122177
499122177
499122177
772996393
499122177
499122177
499122177
904881028
499122177
499122177
499122177
761504903
499122177
499122177
32320265
138673304
499122177
499122177
499122177
499122177
499122177
499122177
499122177
499122177
499122177
499122177
526789269
254704263
112543540
499122177
572192378
499122177
499122177
499122177
499122177
499122177
499122177
499122177
499122177
499122177
499122177
499122177
499122177
499122177
499122177
499122177
499122177
499122177
499122177
499122177
499122177
499122177
499122177
499122177
499122177
499122177
499122177
499122177
499122177
499122177
499122177
499122177
776395591
499122177
499122177
499122177
499122177
499122177
499122177
499122177
499122177
499122177
499122177
769600004
273127938
499122177
499122177
499122177
499122177
52814678
499122177
499122177
499122177
499122177
499122177
499122177
499122177
499122177
499122177
499122177
499122177
499122177
455642242
499122177
499122177
499122177
499122177
499122177
499122177
499122177
499122177
499122177
499122177
499122177
121402061
499122177
499122177
499122177
499122177
499122177
499122177
499122177
499122177
499122177
499122177
499122177
499122177
499122177
499122177
499122177
499122177
499122177
499122177
499122177
499122177
499122177
499122177
499122177
499122177
499122177
499122177
499122177
499122177
499122177
499122177
499122177
499122177
499122177
499122177
499122177
499122177
499122177
499122177
499122177
499122177
499122177
499122177
499122177
499122177
499122177
499122177
499122177
499122177
499122177
499122177
499122177
499122177
499122177
499122177
499122177
499122177
499122177
499122177
499122177
499122177
499122177
499122177
499122177
499122177
499122177
499122177
499122177
499122177
499122177
499122177
499122177
499122177
499122177
499122177
499122177
499122177
499122177
499122177
499122177
499122177
499122177
499122177
499122177
499122177
499122177
499122177
499122177
499122177
499122177
499122177
499122177
499122177
499122177
499122177
499122177
499122177
499122177
499122177
499122177
499122177
499122177
499122177
499122177
499122177
499122177
499122177
76946513
499122177
499122177
499122177
499122177
499122177
499122177
499122177
499122177
809768305
499122177
499122177
499122177
499122177
499122177
499122177
499122177
499122177
499122177
499122177
499122177
499122177
499122177
499122177
586919188
499122177
499122177
499122177
499122177
499122177
499122177
499122177
499122177
499122177
499122177
499122177
499122177
499122177
499122177
499122177
499122177
499122177
499122177
499122177
974289505
499122177
499122177
499122177
499122177
499122177
499122177
499122177
499122177
499122177
499122177
499122177
499122177
499122177
499122177
499122177
499122177
499122177
499122177
499122177
499122177
499122177
499122177
499122177
499122177
499122177
499122177
499122177
499122177
499122177
499122177
499122177
499122177
499122177
499122177
499122177
499122177
499122177
499122177
499122177
499122177
499122177
499122177
499122177
499122177
499122177
499122177
499122177
499122177
499122177
499122177
499122177
499122177
499122177
499122177
499122177
499122177
499122177
499122177
499122177
499122177
499122177
499122177
499122177
499122177
499122177
499122177
499122177
499122177
499122177
499122177
499122177
499122177
499122177
499122177
499122177
499122177
499122177
499122177
499122177
499122177
499122177
499122177
755579334
499122177
499122177
499122177
499122177
499122177
499122177
499122177
499122177
499122177
499122177
499122177
499122177
499122177
499122177
499122177
499122177
499122177
499122177
499122177
499122177
499122177
499122177
499122177
499122177
499122177
499122177
499122177
499122177
499122177
92002487
499122177
499122177
499122177
499122177
499122177
499122177
499122177
499122177
499122177
499122177
499122177
499122177
499122177
499122177
499122177
499122177
499122177
499122177
499122177
499122177
499122177
499122177
499122177
499122177
499122177
499122177
499122177
144528822
499122177
499122177
499122177
499122177
499122177
499122177
499122177
499122177
499122177
499122177
499122177
499122177
499122177
499122177
499122177
499122177
499122177
499122177
499122177
499122177
520641939
499122177
499122177
499122177
499122177
499122177
499122177
499122177
499122177
499122177
499122177
499122177
499122177
499122177
499122177
499122177
499122177
499122177
499122177
499122177
499122177
499122177
499122177
499122177
499122177
499122177
499122177
499122177
499122177
499122177
499122177
499122177
499122177
499122177
499122177
499122177
499122177
499122177
499122177
499122177
499122177
499122177
499122177
499122177
499122177
499122177
499122177
499122177
499122177
499122177
499122177
499122177
499122177
499122177
499122177
499122177
499122177
499122177
499122177
499122177
499122177
499122177
499122177
499122177
499122177
499122177
499122177
499122177
499122177
499122177
499122177
499122177
499122177
499122177
499122177
499122177
499122177
499122177
499122177
499122177
499122177
499122177
499122177
133535589
499122177
499122177
499122177
499122177
499122177
499122177
499122177
499122177
499122177
499122177
499122177
726063034
499122177
499122177
499122177
499122177
499122177
499122177
499122177
499122177
499122177
499122177
499122177
499122177
499122177
433100616
499122177
499122177
499122177
499122177
499122177
499122177
499122177
499122177
499122177
206324366
632333236
499122177
499122177
499122177
499122177
499122177
499122177
499122177
499122177
499122177
499122177
499122177
499122177
499122177
682958136
499122177
499122177
499122177
499122177
499122177
499122177
499122177
499122177
499122177
499122177
499122177
499122177
499122177
499122177
499122177
499122177
499122177
499122177
499122177
499122177
499122177
499122177
499122177
663374273
499122177
499122177
499122177
499122177
499122177
499122177
499122177
499122177
499122177
499122177
499122177
499122177
499122177
499122177
499122177
637230378
499122177
499122177
499122177
499122177
499122177
499122177
499122177
499122177
499122177
499122177
499122177
499122177
499122177
499122177
499122177
499122177
499122177
499122177
499122177
499122177
499122177
499122177
499122177
499122177
499122177
499122177
499122177
499122177
499122177
499122177
499122177
499122177
499122177
499122177
499122177
499122177
499122177
499122177
499122177
499122177
499122177
499122177
499122177
499122177
499122177
499122177
750126179
499122177
499122177
499122177
499122177
499122177
499122177
499122177
499122177
499122177
499122177
499122177
499122177
499122177
499122177
499122177
499122177
499122177
499122177
499122177
499122177
499122177
499122177
499122177
499122177
499122177
499122177
499122177
499122177
499122177
499122177
499122177
499122177
499122177
499122177
499122177
499122177
499122177
499122177
499122177
499122177
499122177
499122177
499122177
499122177
499122177
499122177
499122177
499122177
499122177
499122177
499122177
499122177
499122177
499122177
499122177
499122177
499122177
499122177
499122177
499122177
499122177
499122177
499122177
499122177
499122177
499122177
499122177
499122177
499122177
499122177
499122177
499122177
499122177
499122177
499122177
499122177
499122177
499122177
499122177
499122177
499122177
499122177
499122177
499122177
499122177
499122177
499122177
499122177
499122177
499122177
499122177
499122177
499122177
499122177
499122177
499122177
499122177
499122177
499122177
499122177
499122177
499122177
499122177
499122177
499122177
499122177
499122177
499122177
499122177
499122177
499122177
499122177
499122177
499122177
499122177
499122177
499122177
499122177
499122177
499122177
499122177
499122177
499122177
499122177
499122177
499122177
499122177
499122177
499122177
499122177
499122177
499122177
499122177
499122177
499122177
499122177
499122177
499122177
499122177
499122177
499122177
499122177
499122177
499122177
499122177
499122177
499122177
499122177
499122177
499122177
499122177
499122177
499122177
499122177
499122177
499122177
499122177
499122177
499122177
499122177
499122177
499122177
499122177
499122177
499122177
499122177
499122177
499122177
499122177
499122177
499122177
499122177
499122177
499122177
499122177
499122177
136574469
499122177
499122177
499122177
499122177
499122177
