13944
13955
13960
13973
13973
13984
14015
14027
14044
14044
14047
14064
14067
14079
14089
14090
14119
14139
14166
14179
14188
14193
14198
14201
14201
14206
14258
14264
14272
14272
14272
14280
14287
14303
14319
14323
14325
14344
14372
14375
14387
14391
14400
14400
14407
14410
14412
14412
14426
14434
14450
14453
14493
14493
14497
14510
14510
14510
14512
14526
14539
14543
14562
14577
14590
14600
14607
14624
14626
14641
14642
14648
14666
14666
14666
14666
14666
14667
14671
14682
14700
14715
14750
14750
14750
14764
14764
14786
14789
14827
14832
14832
14839
14850
14880
14885
14901
14917
14917
14921
14932
14932
14933
14963
15008
15068
15069
15069
15069
15072
15075
15103
15140
15153
15179
15188
15220
15258
15268
15273
15286
15289
15297
15306
15312
15312
15312
15315
15323
15325
15342
15343
15343
15356
15360
15363
15386
15398
15398
15398
15414
15415
15416
15441
15450
15467
15471
15494
15532
15532
15532
15541
15544
15553
15562
15584
15584
15605
15616
15626
15629
15635
15655
15690
15701
15709
15709
15723
15725
15734
15742
15744
15757
15763
15768
15768
15783
15783
15805
15817
15838
15886
15886
15897
15901
15914
15928
15944
15952
15957
15977
16007
16017
16023
16023
16026
16032
16032
16050
16075
16080
16092
16102
16102
16112
16118
16133
16156
16156
16222
16229
16230
16230
16231
16235
16236
16244
16253
16253
16267
16272
16275
16280
16283
16302
16310
16329
16329
16329
16340
16366
16371
16378
16385
16390
16397
16413
16415
16432
16438
16438
16469
16477
16520
16550
16550
16550
16557
16559
16567
16575
16582
16588
16594
16612
16619
16641
16655
16658
16683
16695
16702
16707
16723
16737
16737
16738
16752
16752
16768
16816
16826
16847
16851
16857
16860
16860
16875
16882
16891
16896
16900
16903
16907
16913
16923
16923
16923
16923
16930
16948
16978
16978
16999
17003
17027
17027
17050
17058
17064
17064
17087
17103
17122
17122
17130
17130
17139
17142
17142
17155
17155
17174
17179
17191
17211
17211
17246
17254
17255
17277
17291
17296
17312
17333
17340
17341
17380
17386
17386
17387
17419
17427
17427
17431
17441
17472
17472
17505
17529
17545
17571
17572
17575
17577
17582
17622
17622
17626
17673
17695
17699
17746
17768
17778
17782
17796
17820
17829
17837
17842
17853
17861
17861
17866
17866
17868
17872
17920
17920
17937
17943
17987
18000
18015
18031
18031
18033
18070
18084
18084
18087
18089
18094
18103
18122
18147
18178
18195
18198
18204
18208
18222
18233
18247
18264
18274
18286
18287
18287
18287
18294
18294
18312
18318
18330
18337
18344
18375
18394
18420
18420
18439
18446
18525
18541
18546
18552
18558
18569
18570
18570
18570
18605
18612
18631
18638
18666
18666
18671
18674
18689
18701
18713
18719
18723
18749
18762
18781
18797
18797
18798
18801
18821
18833
18836
18836
18847
18847
18901
18921
18946
18946
18948
18952
18954
19010
19025
19043
19055
19074
19077
19077
19093
19110
19112
19117
19134
19144
19186
19186
19192
19202
19205
19213
19216
19216
19217
19233
19252
19252
19268
19269
19289
19299
19319
19326
19342
19353
19365
19376
19384
19413
19424
19424
19430
19436
19463
19463
19478
19488
19495
19559
19565
19565
19574
19582
19582
19608
19621
19621
19635
19645
19645
19647
19691
19704
19710
19714
19714
19727
19730
19738
19745
19760
19765
19765
19782
19798
19809
19809
19827
19865
19882
19882
19906
19906
19943
19943
19963
19963
19967
19974
19976
19990
19991
20011
20018
20033
20033
20033
20042
20061
20076
20079
20080
20087
20094
20097
20101
20107
20118
20145
20148
20148
20160
20175
20179
20196
20203
20203
20215
20221
20273
20313
20313
20345
20349
20364
20404
20414
20441
20454
20463
20501
20507
20510
20520
20522
20522
20522
20540
20549
20553
20581
20619
20622
20622
20624
20628
20654
20666
20669
20692
20692
20697
20706
20718
20750
20750
20769
20769
20778
20778
20779
20796
20825
20829
20873
20883
20889
20891
20930
20930
20935
20942
20946
20969
21028
21052
21063
21073
21078
21082
21084
21088
21102
21102
21110
21110
21113
21119
21136
21166
21167
21176
21203
21216
21216
21237
21267
21276
21276
21277
21277
21297
21311
21317
21326
21332
21332
21356
21359
21389
21395
21395
21411
21411
21418
21425
21434
21463
21495
21496
21530
21547
21575
21575
21612
21629
21643
21651
21655
21675
21677
21691
21705
21709
21724
21732
21758
21758
21765
21765
21767
21798
21808
21812
21823
21829
21829
21858
21874
21874
21874
21889
21896
21901
21912
21959
21972
21978
21986
21992
21998
22006
22014
22034
22076
22082
22098
22104
22104
22121
22121
22132
22157
22167
22167
22167
22167
22175
22178
22178
22178
22190
22198
22224
22224
22235
22243
22243
22261
22262
22262
22270
22276
22287
22294
22305
22306
22306
22328
22341
22368
22375
22375
22378
22404
22418
22435
22443
22449
22454
22460
22460
22468
22473
22476
22478
22478
22483
22483
22489
22502
22509
22513
22515
22515
22515
22538
22542
22542
22553
22561
22562
22569
22570
22581
22587
22590
22592
22638
22680
22683
22701
22708
22711
22721
22728
22748
22778
22795
22795
22799
22813
22814
22845
22854
22863
22917
22939
22988
22990
22998
22998
23005
23037
23048
23111
23125
23125
23156
23157
23178
23184
23184
23187
23195
23209
23210
23211
23227
23238
23238
23252
23257
23277
23279
23279
23279
23297
23297
23344
23360
23360
23360
23372
23378
23379
23382
23385
23408
23414
23417
23426
23428
23439
23461
23461
23474
23481
23481
23481
23495
23520
23521
23539
23561
23576
23589
23597
23603
23633
23635
23649
23649
23667
23673
23675
23686
23686
23702
23702
23704
23706
23706
23737
23739
23739
23745
23745
23745
23773
23778
23810
23863
23883
23921
23927
23960
23987
24059
24087
24093
24096
24103
24107
24109
24127
24127
24148
24149
24158
24158
24159
24192
24203
24209
24209
24209
24243
24262
24262
24277
24282
24338
24346
24381
24381
24387
24387
24396
24441
24449
24449
24466
24472
24475
24480
24485
24500
24505
24509
24510
24510
24533
24554
24561
24578
24585
24585
24589
24595
24611
24611
24611
24629
24633
24633
24640
24656
24670
24670
24670
24670
24690
24695
24705
24719
24726
24732
24732
24744
24744
24761
24769
24792
24792
24792
24792
24796
24797
24815
24848
24852
24873
24873
24877
24886
24906
24906
24909
24926
24926
24935
24935
24953
24962
24970
24976
24985
24990
25005
25007
25017
25029
25036
25046
25064
25065
25065
25069
25078
25105
25110
25117
25117
25129
25137
25143
25143
25165
25176
25177
25177
25184
25200
25217
25234
25242
25249
25257
25261
25278
25292
25296
25305
25331
25343
25381
25404
25430
25436
25439
25458
25469
25469
25497
25513
25524
25524
25527
25532
25546
25549
25557
25604
25660
25683
25690
25724
25732
25816
25816
25853
25855
25858
25866
25867
25882
25882
25886
25896
25904
25907
25909
25911
25926
25928
25937
25971
25971
25975
25986
26001
26001
26001
26001
26014
26056
26059
26071
26096
26109
26120
26130
26163
26168
26219
26220
26227
26257
26280
26285
26305
26321
26325
26330
26337
26347
26371
26412
26412
26415
26423
26479
26496
26497
26502
26506
26526
26526
26554
26561
26561
26561
26561
26562
26579
26589
26589
26589
26592
26604
26612
26612
26613
26613
26624
26631
26639
26639
26639
26652
26659
26691
26700
26726
26726
26750
26793
26833
26835
26859
26865
26899
26913
26936
26939
26950
26986
27012
27029
27046
27096
27114
27129
27134
27135
27138
27163
27216
27222
27222
27222
27227
27246
27247
27247
27265
27275
27288
27321
27344
27347
27352
27352
27365
27367
27370
27370
27382
27382
27382
27385
27385
27412
27438
27443
27443
27450
27452
27458
27473
27473
27494
27497
27518
27532
27542
27542
27554
27554
27567
27567
27592
27592
27606
27610
27619
27643
27669
27692
27692
27750
27750
27752
27789
27789
27799
27804
27806
27807
27822
27823
27825
27825
27842
27842
27847
27851
27926
27929
27935
27965
27997
28018
28042
28062
28069
28085
28085
28142
28149
28149
28150
28160
28173
28182
28191
28192
28192
28198
28198
28203
28203
28203
28206
28230
28244
28259
28267
28269
28269
28276
28285
28304
28338
28343
28348
28361
28366
28384
28385
28423
28466
28475
28523
28544
28544
28544
28570
28590
28604
28604
28604
28611
28611
28617
28622
28624
28639
28657
28666
28692
28731
28731
28734
28758
28765
28765
28765
28765
28766
28772
28784
28792
28804
28804
28805
28807
28807
28811
28832
28841
28844
28898
28903
28904
28906
28906
28909
28920
28926
28971
28971
28975
28977
28981
28992
28992
28993
29012
29046
29049
29051
29054
29064
29100
29100
29100
29155
29161
29188
29190
29190
29225
29244
29273
29273
29304
29330
29358
29380
29401
29418
29430
29435
29446
29446
29451
29451
29481
29500
29500
29530
29530
29530
29531
29540
29561
29562
29574
29587
29626
29633
29667
29697
29700
29706
29717
29722
29745
29784
29787
29808
29817
29822
29841
29857
29877
29885
29894
29915
29921
29922
29931
29931
29932
29933
29940
29943
29958
29970
29978
29981
29981
29981
29981
29998
30010
30056
30096
30107
30114
30114
30128
30131
30175
30199
30205
30205
30206
30208
30236
30293
30293
30359
30405
30417
30428
30445
30466
30488
30488
30498
30519
30542
30542
30542
30557
30576
30590
30597
30612
30616
30625
30665
30665
30670
30670
30693
30702
30708
30727
30733
30740
30740
30740
30770
30771
30793
30802
30819
30819
30837
30837
30852
30858
30872
30899
30914
30931
30942
30950
30976
31006
31015
31047
31053
31080
31090
31094
31094
31103
31135
31138
31151
31161
31165
31181
31185
31205
31233
31233
31234
31242
31248
31254
31266
31266
31352
31363
31363
31365
31368
31374
31382
31391
31406
31406
31412
31416
31442
31453
31455
31469
31475
31478
31481
31525
31557
31560
31568
31590
31596
31605
31671
31693
31706
31716
31724
31725
31725
31729
31750
31757
31767
31783
31786
31789
31789
31810
31823
31848
31861
31866
31866
31883
31899
31932
31933
31943
31956
31971
31980
31999
32005
32005
32005
32014
32018
32032
32032
32035
32045
32092
32104
32108
32143
32165
32179
32205
32206
32214
32221
32238
32244
32253
32277
32298
32309
32310
32312
32316
32332
32339
32341
32346
32346
32355
32355
32359
32377
32377
32404
32415
32435
32464
32481
32481
32489
32493
32527
32542
32580
32587
32594
32594
32595
32599
32599
32602
32607
32609
32633
32657
32717
32722
32722
32722
32723
32755
32774
32834
32834
32839
32856
32860
32860
32873
32902
32909
32923
33009
33020
33029
33029
33045
33062
33062
33070
33072
33108
33108
33115
33115
33130
33141
33141
33145
33158
33165
33169
33169
33173
33178
33195
33195
33205
33238
33255
33258
33264
33269
33274
33289
33289
33291
33302
33303
33313
33319
33321
33336
33356
33356
33360
33366
33381
33385
33394
33409
33413
33432
33433
33439
33460
33472
33472
33473
33475
33475
33499
33518
33522
33527
33527
33532
33538
33539
33559
33570
33575
33575
33575
33598
33671
33671
33691
33700
33709
33742
33760
33763
33776
33790
33799
33816
33828
33837
33883
33883
33906
33913
33918
33930
33936
33939
33952
33952
33957
33966
33966
33966
33970
34012
34043
34046
34053
34068
34072
34076
34083
34088
34102
34156
34156
34178
34185
34197
34202
34202
34216
34228
34229
34249
34249
34275
34288
34288
34299
34308
34323
34332
34346
34347
34365
34368
34377
34386
34407
34428
34446
34477
34477
34483
34486
34486
34495
34495
34502
34502
34522
34528
34533
34533
34533
34540
34549
34562
34562
34587
34588
34588
34598
34633
34678
34687
34694
34721
34733
34733
34738
34740
34762
34764
34773
34773
34780
34787
34793
34794
34812
34812
34814
34815
34816
34827
34852
34852
34859
34863
34869
34881
34884
34887
34887
34897
34927
34951
34964
34969
34974
34983
35034
35071
35082
35091
35096
35146
35185
35192
35202
35216
35225
35237
35248
35279
35282
35305
35305
35322
35325
35325
35335
35339
35339
35339
35362
35381
35402
35402
35403
35465
35469
35494
35509
35514
35519
35526
35526
35527
35539
35554
35569
35571
35588
35600
35600
35607
35607
35616
35623
35628
35632
35678
35694
35694
35718
35736
35736
35737
35743
35753
35756
35788
35794
35824
35867
35867
35874
35881
35883
35883
35907
35941
35961
35965
35965
36000
36013
36013
36027
36031
36057
36062
36093
36126
36129
36155
36182
36192
36223
36260
36288
36303
36310
36323
36325
36325
36325
36330
36371
36400
36400
36416
36416
36417
36442
36459
36463
36468
36500
36500
36503
36503
36508
36509
36509
36509
36510
36518
36526
36534
36534
36538
36541
36588
36610
36625
36628
36664
36676
36691
36698
36702
36715
36715
36741
36744
36744
36744
36763
36789
36807
36814
36823
36849
36858
36858
36864
36879
36887
36907
36927
36949
36951
36951
36957
36968
36968
36985
36992
37006
37006
37006
37013
37036
37050
37064
37077
37086
37086
37091
37140
37146
37146
37146
37155
37194
37196
37204
37219
37232
37232
37243
37267
37268
37270
37275
37277
37350
37353
37357
37362
37362
37390
37394
37394
37404
37406
37424
37433
37433
37443
37453
37475
37487
37500
37529
37533
37554
37558
37558
37585
37593
37616
37616
37620
37644
37663
37665
37696
37720
37722
37727
37736
37756
37766
37790
37814
37853
37865
37867
37891
37893
37898
37905
37910
37918
37962
37965
37975
37988
38002
38018
38021
38021
38067
38067
38067
38067
38102
38109
38122
38152
38160
38218
38224
38235
38252
38262
38266
38266
38273
38273
38331
38375
38390
38398
38398
38398
38401
38411
38457
38464
38487
38487
38487
38513
38559
38585
38591
38591
38597
38607
38620
38635
38637
38637
38649
38649
38649
38663
38670
38670
38677
38683
38712
38718
38760
38768
38768
38782
38788
38788
38793
38804
38814
38819
38891
38904
38913
38918
38938
38958
38963
38970
38979
38997
38997
39030
39034
39036
39050
39050
39050
39057
39066
39100
39117
39134
39141
39150
39151
39160
39189
39189
39197
39201
39201
39201
39220
39250
39250
39262
39269
39283
39296
39325
39328
39338
39400
39419
39429
39443
39446
39456
39461
39475
39497
39503
39511
39535
39537
39568
39574
39620
39620
39626
39631
39631
39662
39662
39664
39678
39691
39692
39698
39698
39713
39730
39730
39758
39780
39793
39821
39821
39827
39827
39827
39831
39846
39863
39880
39895
39902
39911
39912
39946
39966
39966
39972
39977
39977
39983
39994
40003
40019
40072
40098
40129
40129
40130
40149
40152
40154
40155
40157
40166
40188
40188
40188
40196
40200
40221
40228
40241
40244
40274
40283
40307
40360
40360
40360
40370
40373
40417
40423
40423
40430
40444
40450
40463
40463
40471
40493
40505
40520
40521
40541
40541
40542
40542
40546
40546
40548
40552
40579
40591
40591
40616
40632
40632
40660
40677
40677
40681
40681
40681
40686
40719
40728
40730
40761
40770
40770
40770
40785
40790
40790
40876
40878
40882
40891
40896
40899
40899
40925
40933
40935
40941
40941
40941
40959
40993
41008
41031
41031
41031
41031
41046
41067
41076
41081
41085
41085
41091
41091
41094
41104
41123
41129
41176
41186
41186
41196
41211
41225
41225
41240
41240
41250
41250
41308
41326
41344
41370
41375
41381
41390
41390
41424
41424
41436
41439
41442
41443
41469
41493
41493
41522
41538
41545
41559
41566
41569
41596
41604
41604
41629
41633
41633
41639
41666
41680
41720
41738
41738
41789
41805
41805
41822
41839
41843
41843
41869
41869
41873
41875
41902
41915
41937
41941
41962
41980
41999
42001
42007
42021
42025
42042
42050
42104
42117
42147
42147
42151
42151
42163
42196
42196
42196
42204
42227
42227
42227
42230
42240
42240
42256
42276
42276
42295
42297
42298
42373
42383
42390
42395
42429
42457
42473
42492
42519
42541
42568
42568
42634
42638
42658
42658
42708
42734
42753
42773
42779
42780
42780
42805
42806
42813
42814
42816
42827
42831
42834
42844
42852
42861
42877
42895
42913
42915
42974
42976
42992
42992
43011
43015
43034
43038
43055
43109
43123
43125
43129
43129
43129
43141
43144
43216
43216
43217
43229
43245
43256
43271
43271
43271
43292
43333
43341
43341
43350
43374
43387
43392
43398
43398
43409
43423
43434
43454
43460
43469
43495
43521
43527
43545
43545
43578
43597
43606
43622
43626
43638
43650
43694
43706
43706
43721
43729
43756
43756
43768
43770
43774
43780
43796
43810
43810
43819
43841
43855
43855
43864
43879
43897
43915
43929
43945
43945
43945
43945
43968
43968
43977
43985
43985
43989
43995
43998
44037
44071
44072
44074
44074
44077
44105
44111
44135
44135
44149
44154
44169
44170
44180
44195
44212
44212
44218
44219
44232
44234
44238
44238
44261
44285
44304
44331
44331
44368
44388
44388
44390
44396
44430
44430
44430
44442
44446
44451
44477
44490
44490
44499
44525
44528
44533
44564
44564
44564
44564
44564
44575
44575
44575
44590
44598
44606
44613
44628
44630
44652
44657
44660
44675
44691
44703
44703
44708
44758
44768
44778
44788
44799
44799
44830
44830
44830
44841
44846
44857
44867
44867
44901
44920
44920
44937
44939
44990
44990
45007
45021
45028
45028
45033
45050
45072
45107
45124
45134
45134
45141
45165
45188
45233
45233
45249
45251
45251
45291
45300
45316
45328
45366
45395
45426
45426
45432
45432
45432
45457
45457
45458
45498
45509
45510
45510
45529
45529
45529
45530
45530
45542
45559
45569
45598
45601
45605
45612
45616
45616
45655
45655
45675
45698
45715
45718
45720
45720
45751
45757
45868
45880
45884
45886
45905
45940
45947
45956
45958
45992
46002
46005
46012
46013
46028
46034
46064
46083
46102
46110
46132
46144
46171
46172
46177
46188
46204
46210
46221
46224
46232
46235
46250
46272
46285
46318
46339
46349
46350
46358
46377
46404
46409
46423
46423
46446
46450
46477
46478
46492
46519
46522
46522
46537
46543
46625
46669
46671
46671
46699
46710
46770
46771
46771
46773
46773
46777
46785
46789
46793
46800
46801
46802
46839
46849
46854
46866
46876
46881
46885
46916
46917
46931
46935
46938
46947
46947
46951
46979
46979
46994
47010
47027
47027
47033
47054
47060
47060
47069
47069
47069
47069
47084
47084
47088
47099
47126
47161
47161
47181
47183
47205
47220
47235
47318
47325
47331
47374
47380
47408
47427
47452
47478
47478
47478
47484
47487
47487
47491
47494
47512
47520
47520
47530
47540
47550
47551
47558
47566
47567
47585
47591
47593
47599
47601
47619
47619
47626
47633
47640
47659
47659
47666
47687
47717
47765
47767
47774
47778
47784
47796
47800
47829
47851
47857
47862
47882
47882
47894
47919
47919
47920
47920
47923
47923
47932
47937
47947
47973
47988
48012
48013
48013
48013
48027
48041
48050
48052
48063
48071
48071
48074
48074
48083
48138
48140
48146
48157
48163
48164
48187
48196
48203
48218
48222
48222
48226
48237
48243
48251
48251
48251
48285
48285
48356
48361
48369
48370
48393
48420
48434
48443
48443
48443
48451
48451
48454
48459
48463
48463
48492
48516
48531
48536
48539
48541
48545
48556
48556
48579
48586
48603
48625
48632
48632
48641
48669
48682
48707
48707
48741
48742
48778
48786
48801
48801
48815
48857
48861
48886
48886
48889
48901
48923
48946
48970
48988
49022
49029
49049
49075
49135
49149
49149
49152
49164
49176
49192
49192
49192
49200
49200
49200
49207
49207
49230
49230
49242
49260
49280
49282
49288
49315
49315
49328
49334
49350
49350
49364
49364
49376
49376
49396
49398
49418
49444
49444
49494
49495
49512
49532
49560
49570
49570
49576
49599
49599
49608
49614
49626
49646
49653
49677
49687
49702
49702
49707
49718
49730
49733
49733
49737
49790
49793
49839
49877
49879
49902
49911
49928
49952
49956
49964
49969
50008
50056
50061
50110
50118
50121
50124
50124
50139
50150
50190
50194
50195
50197
50207
50214
50214
50214
50226
50241
50254
50259
50277
50277
50277
50285
50318
50325
50335
50341
50341
50344
50352
50386
50403
50421
50422
50425
50449
50449
50449
50449
50449
50459
50467
50469
50535
50560
50564
50564
50570
50576
50583
50602
50618
50620
50656
50659
50659
50660
50660
50702
50707
50707
50715
50719
50727
50740
50740
50757
50835
50835
50854
50869
50874
50882
50902
50902
50912
50927
50945
50950
50954
50987
50987
50987
50999
51004
51020
51025
51032
51042
51057
51057
51078
51121
51140
51150
51150
51159
51164
51177
51191
51193
51203
51223
51250
51250
51280
51283
51284
51322
51329
51339
51339
51384
51419
51421
51426
51428
51485
51485
51489
51493
51493
51493
51516
51537
51553
51555
51594
51594
51594
51615
51643
51648
51682
51689
51690
51700
51703
51757
51759
51798
51798
51845
51848
51848
51882
51882
51889
51901
51910
51927
51931
51964
51964
51968
51983
51995
52006
52011
52017
52047
52060
52069
52069
52074
52085
52086
52122
52130
52132
52136
52158
52175
52176
52176
52178
52207
52213
52228
52240
52253
52257
52257
52267
52277
52296
52310
52310
52311
52314
52325
52339
52339
52373
52388
52415
52419
52428
52436
52437
52459
52479
52493
52517
52537
52542
52548
52565
52600
52601
52624
52626
52633
52633
52633
52640
52640
52642
52651
52671
52675
52685
52707
52739
52754
52773
52778
52812
52848
52857
52865
52868
52873
52887
52933
52938
52938
52960
52970
52984
52984
53014
53025
53038
53042
53043
53091
53108
53112
53120
53145
53145
53161
53169
53183
53202
53209
53210
53233
53244
53250
53251
53251
53253
53267
53304
53329
53329
53343
53343
53344
53344
53358
53377
53392
53413
53420
53426
53436
53446
53446
53457
53470
53471
53479
53496
53530
53530
53535
53591
53597
53604
53613
53618
53630
53630
53646
53646
53646
53650
53662
53663
53663
53709
53723
53745
53754
53758
53763
53765
53767
53768
53778
53813
53825
53827
53830
53870
53889
53907
53941
53944
53968
53970
53981
53982
53982
53982
53989
53997
54010
54029
54031
54031
54040
54053
54070
54076
54107
54114
54122
54137
54141
54164
54167
54172
54172
54179
54193
54194
54205
54213
54225
54225
54235
54240
54243
54253
54253
54277
54286
54286
54286
54288
54302
54316
54319
54329
54367
54368
54372
54391
54410
54412
54460
54465
54466
54470
54476
54476
54533
54582
54586
54590
54594
54594
54616
54628
54658
54700
54719
54723
54738
54742
54756
54757
54763
54790
54814
54819
54824
54830
54876
54903
54908
54918
54980
54980
54989
54998
55004
55004
55013
55048
55104
55110
55117
55117
55117
55125
55166
55166
55169
55210
55219
55230
55233
55244
55244
55255
55266
55266
55272
55275
55294
55298
55317
55332
55345
55355
55376
55376
55377
55379
55389
55410
55425
55441
55445
55445
55449
55451
55451
55472
55486
55504
55539
55612
55612
55617
55631
55635
55642
55642
55654
55668
55682
55695
55695
55705
55757
55765
55792
55795
55795
55804
55809
55809
55810
55818
55820
55843
55854
55906
55910
55937
55937
55967
55972
55976
56009
56009
56027
56040
56040
56067
56076
56086
56090
56093
56094
56100
56118
56118
56143
56146
56147
56169
56173
56224
56226
56227
56229
56235
56278
56324
56324
56342
56357
56358
56371
56371
56377
56377
56377
56384
56394
56396
56417
56420
56436
56436
56436
56437
56439
56487
56493
56515
56519
56570
56573
56588
56600
56600
56628
56634
56634
56638
56649
56649
56654
56669
56690
56696
56696
56702
56715
56718
56739
56744
56750
56776
56779
56779
56785
56827
56840
56855
56855
56860
56862
56874
56896
56904
56929
56929
56947
56964
56976
57017
57060
57060
57071
57092
57094
57116
57123
57123
57133
57147
57148
57162
57172
57176
57183
57187
57188
57192
57195
57240
57242
57248
57248
57252
57267
57304
57348
57348
57380
57385
57392
57405
57406
57415
57415
57423
57430
57431
57431
57437
57447
57452
57457
57467
57472
57511
57535
57535
57568
57568
57595
57600
57619
57625
57634
57655
57699
57730
57731
57734
57739
57744
57757
57757
57809
57816
57833
57844
57892
57892
57898
57900
57903
57922
57932
57965
57985
57990
57990
57990
57990
58002
58025
58030
58054
58067
58084
58091
58091
58106
58123
58150
58187
58194
58194
58206
58217
58227
58239
58241
58241
58242
58259
58282
58298
58367
58372
58392
58407
58407
58407
58410
58414
58416
58463
58466
58475
58476
58481
58490
58536
58547
58563
58569
58572
58633
58656
58657
58667
58667
58667
58667
58696
58707
58730
58733
58735
58762
58767
58773
58773
58820
58852
58852
58891
58896
58925
58940
58946
58972
58980
58985
58989
58992
59011
59013
59053
59069
59079
59117
59141
59153
59170
59187
59192
59215
59233
59248
59272
59276
59276
59319
59368
59390
59391
59400
59413
59421
59421
59435
59439
59439
59442
59442
59476
59486
59526
59534
59546
59572
59597
59598
59612
59629
59636
59654
59662
59690
59704
59717
59724
59729
59746
59747
59776
59782
59782
59785
59791
59809
59814
59819
59821
59846
59874
59885
59916
59917
59935
59945
59952
59952
59952
59955
59964
59974
59986
59997
59997
59997
60034
60037
60047
60047
60047
60053
60053
60077
60077
60095
60101
60105
60113
60118
60127
60149
60185
60193
60196
60202
60212
60219
60239
60268
60271
60282
60295
60302
60302
60315
60333
60358
60362
60362
60362
60362
60362
60374
60402
60423
60445
60448
60448
60453
60465
60473
60483
60496
60496
60507
60548
60554
60572
60594
60627
60635
60635
60647
60661
60673
60673
60675
60675
60675
60683
60690
60709
60709
60726
60741
60741
60745
60776
60808
60828
60835
60852
60865
60867
60874
60881
60907
60917
60919
60919
60934
60955
60955
60971
60986
60986
60999
61010
61013
61026
61045
61049
61049
61049
61058
61076
61078
61092
61092
61119
61135
61136
61151
61151
61175
61180
61185
61192
61192
61194
61194
61210
61215
61228
61233
61247
61250
61256
61317
61324
61332
61332
61335
61346
61349
61351
61377
61393
61395
61399
61429
61431
61431
61431
61431
61451
61474
61502
61515
61523
61558
61586
61596
61599
61620
61638
61642
61644
61674
61702
61707
61716
61721
61752
61757
61768
61785
61792
61819
61921
61947
61947
61955
61960
61960
61980
61999
62000
62003
62016
62038
62043
62046
62057
62076
62078
62087
62093
62102
62102
62122
62133
62133
62140
62193
62213
62220
62230
62240
62255
62266
62281
62292
62320
62323
62328
62328
62341
62341
62346
62375
62393
62399
62405
62405
62405
62445
62463
62476
62479
62491
62506
62512
62521
62521
62527
62551
62554
62560
62564
62594
62596
62609
62644
62660
62664
62676
62684
62684
62696
62725
62737
62746
62754
62770
62770
62772
62772
62777
62794
62802
62802
62802
62805
62806
62821
62843
62843
62844
62852
62858
62858
62886
62918
62952
62952
62952
62959
62969
62986
62999
63036
63047
63086
63097
63108
63109
63111
63111
63140
63145
63152
63168
63174
63179
63193
63201
63205
63232
63244
63253
63322
63322
63347
63349
63360
63364
63415
63457
63490
63490
63523
63537
63546
63559
63567
63587
63590
63608
63611
63619
63625
63627
63638
63654
63677
63718
63719
63723
63730
63743
63757
63767
63767
63790
63804
63849
63873
63878
63939
63964
63968
63974
63987
64010
64010
64016
64026
64044
64050
64050
64085
64137
64175
64185
64202
64203
64219
64224
64224
64224
64240
64241
64260
64261
64292
64335
64337
64337
64340
64356
64356
64387
64408
64411
64433
64437
64442
64442
64451
64462
64463
64463
64465
64472
64472
64472
64515
64518
64522
64522
64528
64528
64533
64541
64549
64550
64550
64550
64579
64587
64599
64601
64609
64611
64642
64662
64667
64680
64682
64693
64695
64701
64708
64714
64735
64735
64743
64778
64782
64786
64821
64831
64836
64877
64884
64884
64884
64884
64891
64926
64934
64939
64953
64959
64978
65021
65040
65046
65056
65058
65074
65074
65080
65094
65111
65141
65141
65141
65147
65155
65163
65178
65188
65205
65212
65216
65230
65231
65232
65250
65254
65265
65265
65272
65287
65290
65290
65303
65359
65383
65421
65425
65426
65453
65460
65461
65472
65494
65499
65525
65553
65555
65584
65594
65594
65612
65643
65687
65687
65690
65745
65745
65750
65763
65772
65795
65806
65840
65844
65866
65881
65908
65924
65926
65947
65958
65965
65965
65968
66014
66030
66031
66047
66051
66051
66053
66061
66081
66081
66081
66086
66103
66111
66180
66188
66192
66198
66210
66210
66244
66248
66248
66252
66257
66265
66268
66274
66287
66287
66306
66306
66314
66317
66317
66335
66347
66347
66347
66368
66373
66375
66380
66380
66409
66413
66413
66439
66439
66449
66449
66465
66471
66490
66507
66507
66541
66541
66546
66571
66579
66588
66596
66614
66624
66626
66636
66663
66687
66717
66729
66729
66731
66741
66747
66747
66749
66765
66765
66787
66787
66787
66787
66789
66799
66801
66841
66841
66841
66851
66857
66871
66874
66885
66885
66885
66893
66893
66908
66910
66932
66947
66952
66956
66957
66960
66971
66975
66975
66978
67006
67008
67009
67018
67036
67036
67053
67058
67071
67071
67085
67091
67096
67113
67119
67126
67130
67147
67155
67168
67195
67211
67214
67218
67243
67265
67298
67317
67321
67338
67358
67360
67363
67383
67388
67395
67413
67424
67433
67433
67437
67437
67440
67459
67525
67532
67543
67555
67555
67561
67586
67586
67601
67609
67612
67617
67629
67629
67629
67672
67676
67686
67689
67689
67701
67709
67713
67729
67731
67738
67744
67779
67787
67799
67799
67804
67814
67818
67818
67822
67845
67853
67853
67853
67855
67858
67860
67869
67891
67925
67937
67949
67983
68032
68041
68050
68055
68072
68085
68086
68097
68117
68120
68157
68167
68193
68208
68210
68217
68217
68229
68229
68233
68247
68253
68255
68267
68267
68268
68277
68283
68286
68286
68304
68329
68361
68390
68390
68410
68410
68416
68434
68448
68451
68453
68465
68472
68494
68514
68518
68518
68536
68539
68561
68615
68622
68628
68632
68636
68659
68659
68664
68664
68672
68680
68708
68708
68740
68742
68746
68764
68767
68767
68841
68846
68859
68861
68863
68880
68898
68904
68921
68921
68935
68935
68942
68942
68942
68951
68953
68962
68962
68962
68973
68988
68997
69009
69024
69065
69065
69068
69069
69085
69088
69117
69129
69182
69182
69182
69189
69206
69221
69253
69261
69293
69299
69313
69313
69316
69327
69343
69358
69379
69398
69421
69433
69445
69454
69454
69457
69503
69516
69516
69533
69540
69547
69561
69636
69636
69641
69641
69660
69674
69683
69683
69683
69687
69707
69707
69724
69729
69733
69765
69771
69816
69839
69846
69846
69846
69879
69912
69912
69922
69922
69923
69929
69935
69940
69958
70000
70004
70009
70013
70013
70013
70048
70055
70058
70078
70084
70084
70107
70113
70118
70144
70158
70165
70187
70206
70208
70208
70211
70217
70238
70287
70287
70287
70287
70294
70294
70329
70331
70352
70368
70374
70376
70376
70376
70381
70385
70394
70431
70443
70455
70457
70458
70466
70494
70494
70521
70532
70534
70537
70553
70555
70617
70637
70653
70662
70663
70670
70670
70675
70677
70687
70695
70700
70709
70715
70716
70735
70735
70737
70739
70764
70765
70785
70796
70798
70798
70804
70805
70806
70812
70812
70825
70825
70827
70842
70872
70872
70872
70872
70876
70890
70900
70900
70900
70908
70930
70948
70968
70968
70973
70974
70983
71016
71022
71036
71036
71059
71067
71067
71078
71105
71128
71152
71152
71152
71156
71173
71176
71181
71189
71200
71200
71269
71276
71290
71290
71312
71314
71323
71330
71359
71359
71363
71373
71388
71391
71406
71453
71457
71464
71482
71497
71541
71545
71553
71577
71577
71585
71606
71606
71638
71663
71666
71666
71678
71679
71696
71699
71743
71761
71769
71772
71775
71789
71794
71798
71805
71815
71820
71834
71834
71842
71874
71881
71884
71899
71903
71941
71968
71973
71982
71988
72000
72023
72028
72040
72057
72062
72088
72091
72141
72149
72149
72164
72169
72184
72201
72201
72201
72204
72204
72217
72225
72227
72238
72239
72239
72250
72258
72267
72302
72317
72317
72322
72332
72345
72355
72369
72376
72388
72411
72421
72421
72452
72452
72476
72486
72486
72492
72506
72518
72521
72545
72552
72590
72602
72618
72633
72633
72656
72656
72666
72677
72688
72706
72706
72710
72716
72726
72733
72763
72765
72765
72799
72799
72808
72814
72819
72838
72839
72842
72842
72842
72852
72880
72880
72882
72891
72899
72938
72951
72954
72969
72994
72998
72999
73019
73029
73040
73055
73101
73101
73107
73114
73136
73171
73199
73205
73214
73217
73225
73235
73246
73249
73249
73249
73259
73259
73264
73294
73294
73318
73333
73336
73337
73344
73349
73349
73357
73360
73364
73379
73393
73403
73424
73428
73496
73497
73497
73506
73515
73558
73558
73595
73622
73645
73652
73656
73668
73671
73680
73694
73695
73697
73705
73722
73722
73736
73739
73747
73762
73772
73772
73785
73785
73808
73842
73842
73842
73854
73886
73893
73907
73913
73913
73930
73934
73946
73950
73966
73974
74016
74043
74047
74077
74085
74090
74090
74095
74099
74108
74117
74129
74160
74174
74214
74221
74225
74229
74241
74243
74266
74266
74289
74323
74329
74331
74341
74368
74383
74408
74422
74422
74435
74435
74436
74443
74443
74483
74494
74535
74552
74565
74565
74565
74570
74638
74638
74671
74676
74702
74755
74758
74766
74776
74799
74806
74806
74828
74857
74861
74864
74864
74878
74886
74930
74935
74935
74940
74940
74940
74954
74967
74976
74987
74989
74995
75004
75009
75011
75036
75102
75102
75104
75108
75132
75148
75149
75152
75201
75214
75214
75242
75268
75274
75276
75285
75289
75289
75313
75333
75333
75337
75343
75343
75371
75383
75389
75393
75404
75425
75449
75449
75463
75481
75481
75523
75529
75532
75547
75556
75581
75593
75595
75620
75637
75648
75659
75672
75676
75676
75676
75676
75678
75706
75757
75762
75770
75786
75795
75796
75813
75830
75830
75859
75882
75893
75914
75914
75919
75952
75985
75992
75992
76002
76016
76016
76019
76030
76033
76051
76089
76091
76103
76112
76119
76123
76158
76177
76183
76218
76281
76304
76309
76341
76347
76358
76376
76412
76412
76412
76412
76422
76422
76433
76482
76494
76511
76517
76529
76531
76543
76551
76571
76576
76584
76585
76593
76593
76618
76625
76625
76650
76671
76685
76697
76717
76720
76725
76725
76732
76743
76743
76786
76806
76821
76856
76862
76877
76894
76895
76898
76901
76907
76911
76918
76933
76942
76959
76959
76976
76988
76990
77001
77031
77034
77035
77041
77047
77049
77053
77077
77099
77119
77123
77137
77158
77177
77177
77178
77209
77216
77216
77233
77250
77267
77276
77281
77303
77304
77304
77305
77305
77322
77326
77331
77331
77331
77353
77354
77355
77355
77369
77449
77465
77479
77490
77490
77494
77521
77529
77543
77543
77546
77553
77577
77592
77603
77606
77607
77611
77664
77664
77687
77713
77713
77717
77758
77779
77788
77810
77854
77865
77881
77893
77915
77952
77957
77967
77967
77971
77979
78006
78011
78016
78016
78040
78040
78052
78062
78074
78078
78083
78099
78106
78108
78151
78157
78161
78188
78190
78240
78266
78266
78282
78299
78300
78300
78314
78332
78337
78338
78354
78354
78365
78365
78365
78378
78394
78394
78413
78430
78493
78520
78521
78533
78572
78588
78593
78611
78630
78643
78666
78705
78731
78746
78748
78749
78763
78800
78817
78817
78828
78851
78884
78892
78915
78915
78921
78925
78934
78951
78957
79006
79006
79013
79014
79054
79072
79075
79075
79092
79107
79112
79131
79148
79150
79164
79169
79169
79186
79210
79214
79220
79224
79224
79233
79235
79242
79242
79248
79266
79266
79274
79316
79316
79324
79342
79361
79374
79402
79402
79402
79402
79404
79422
79452
79452
79465
79470
79485
79491
79502
79504
79522
79531
79538
79540
79546
79546
79557
79589
79589
79589
79590
79590
79596
79611
79619
79619
79619
79619
79638
79638
79680
79680
79692
79704
79716
79719
79719
79720
79750
79762
79762
79816
79837
79837
79842
79865
79873
79900
79929
79954
79998
80019
80029
80040
80043
80055
80070
80070
80091
80123
80132
80132
80137
80158
80177
80177
80183
80183
80183
80223
80223
80230
80239
80249
80249
80258
80266
80284
80284
80284
80290
80306
80329
80338
80340
80340
80340
80360
80360
80395
80395
80415
80447
80473
80484
80484
80487
80487
80488
80513
80524
80524
80524
80528
80543
80556
80572
80580
80586
80589
80596
80619
80624
80645
80690
80690
80735
80740
80759
80779
80792
80793
80815
80829
80845
80861
80863
80867
80921
80921
80921
80946
80964
80972
80973
80976
80980
80981
80981
80987
80988
80994
80994
81024
81024
81028
81028
81046
81056
81084
81084
81110
81110
81112
81150
81150
81178
81190
81215
81219
81219
81230
81237
81268
81288
81302
81314
81328
81328
81340
81377
81380
81381
81381
81382
81385
81405
81418
81423
81424
81430
81445
81448
81448
81458
81462
81467
81470
81496
81510
81518
81528
81534
81539
81543
81544
81554
81558
81566
81569
81569
81569
81578
81578
81591
81595
81597
81597
81604
81608
81615
81647
81647
81650
81666
81672
81672
81728
81767
81767
81799
81815
81821
81827
81828
81837
81841
81852
81869
81876
81883
81898
81898
81921
81924
81937
81947
81951
82007
82007
82021
82028
82028
82028
82034
82035
82045
82085
82085
82151
82157
82165
82172
82197
82200
82212
82217
82221
82229
82247
82253
82289
82289
82327
82384
82392
82399
82436
82436
82441
82496
82510
82537
82546
82551
82554
82570
82609
82609
82616
82617
82635
82635
82702
82708
82708
82725
82725
82743
82759
82759
82771
82771
82774
82802
82806
82830
82838
82867
82876
82880
82894
82894
82914
82914
82924
82939
82982
82982
83001
83001
83024
83042
83053
83058
83060
83101
83116
83163
83182
83186
83197
83200
83212
83216
83245
83269
83269
83269
83270
83297
83315
83315
83341
83378
83378
83378
83392
83392
83412
83418
83420
83427
83455
83465
83466
83471
83485
83486
83493
83519
83522
83530
83535
83540
83540
83555
83555
83563
83584
83584
83602
83637
83637
83646
83684
83704
83710
83752
83752
83757
83757
83757
83765
83777
83788
83804
83812
83831
83831
83841
83843
83843
83874
83886
83890
83899
83913
83930
83938
83938
83944
83955
83955
83966
83981
83988
84016
84038
84044
84104
84119
84119
84131
84134
84154
84184
84194
84204
84229
84238
84252
84278
84306
84321
84321
84331
84331
84341
84344
84361
84413
84418
84434
84439
84444
84446
84474
84480
84486
84498
84498
84501
84510
84510
84510
84525
84533
84542
84545
84550
84563
84563
84565
84583
84588
84597
84603
84650
84650
84661
84677
84678
84678
84690
84700
84718
84751
84753
84764
84786
84791
84797
84814
84837
84842
84861
84864
84904
84925
84925
84931
84945
84963
85013
85014
85020
85025
85049
85050
85102
85120
85150
85172
85180
85193
85205
85222
85222
85226
85260
85307
85325
85362
85374
85381
85397
85413
85413
85431
85442
85504
85538
85541
85541
85544
85544
85546
85569
85575
85578
85579
85579
85581
85581
85606
85619
85636
85646
85690
85732
85732
85741
85751
85751
85757
85757
85775
85794
85799
85799
85819
85819
85829
85832
85832
85837
85837
85851
85860
85860
85860
85882
85889
85890
85899
85904
85915
85917
85917
85922
85928
85981
85986
85988
85991
85996
86019
86025
86035
86038
86048
86053
86053
86065
86070
86077
86077
86094
86098
86098
86098
86104
86120
86161
86161
86166
86167
86224
86241
86258
86274
86282
86286
86300
86327
86330
86349
86377
86385
86385
86399
86399
86426
86430
86451
86468
86490
86490
86500
86500
86500
86500
86501
86516
86527
86542
86542
86542
86545
86571
86589
86589
86604
86608
86608
86613
86636
86641
86653
86662
86666
86695
86748
86748
86777
86778
86781
86802
86806
86810
86816
86816
86824
86828
86835
86839
86853
86858
86902
86903
86911
86956
86972
86994
87004
87024
87036
87047
87066
87077
87083
87094
87095
87097
87131
87146
87153
87160
87160
87160
87195
87196
87199
87218
87220
87228
87228
87232
87232
87232
87232
87237
87237
87241
87241
87241
87246
87251
87251
87272
87277
87277
87289
87299
87323
87335
87379
87396
87404
87407
87419
87421
87432
87441
87450
87450
87461
87466
87479
87496
87499
87532
87538
87538
87538
87585
87604
87604
87604
87606
87647
87650
87650
87650
87651
87651
87686
87707
87713
87719
87719
87719
87720
87720
87724
87724
87755
87755
87759
87764
87786
87786
87786
87795
87798
87798
87803
87810
87832
87839
87841
87845
87850
87855
87880
87891
87898
87936
87936
87955
87994
88001
88027
88027
88032
88071
88094
88095
88100
88105
88130
88147
88152
88165
88177
88197
88206
88206
88228
88236
88303
88305
88305
88336
88337
88337
88348
88362
88362
88365
88366
88375
88413
88426
88426
88447
88447
88482
88510
88529
88529
88541
88549
88563
88583
88616
88637
88643
88651
88655
88678
88678
88678
88702
88709
88731
88735
88743
88756
88761
88766
88787
88817
88825
88834
88843
88853
88853
88860
88865
88867
88878
88892
88938
88954
88967
88972
88975
88988
88988
88988
89016
89018
89035
89048
89055
89065
89084
89087
89087
89105
89109
89109
89112
89122
89152
89152
89152
89152
89155
89155
89155
89168
89175
89175
89175
89178
89181
89188
89192
89192
89199
89204
89206
89208
89218
89227
89227
89246
89250
89264
89265
89270
89332
89343
89386
89388
89388
89423
89423
89428
89439
89440
89440
89464
89466
89475
89487
89505
89523
89528
89544
89549
89607
89607
89655
89656
89663
89663
89666
89666
89677
89700
89701
89701
89701
89719
89737
89761
89803
89809
89831
89831
89831
89835
89908
89925
89951
89960
89960
89960
89989
89993
90003
90004
90004
90004
90014
90064
90064
90076
90085
90085
90100
90100
90112
90149
90157
90157
90168
90177
90180
90183
90183
90188
90205
90214
90239
90254
90254
90296
90296
90311
90313
90335
90346
90348
90369
90375
90375
90375
90424
90432
90447
90451
90471
90473
90473
90479
90483
90486
90487
90502
90502
90569
90583
90625
90636
90649
90668
90687
90687
90697
90697
90731
90741
90751
90759
90780
90795
90808
90809
90820
90837
90844
90848
90857
90877
90877
90885
90920
90960
90996
91007
91038
91075
91075
91075
91078
91088
91103
91128
91144
91147
91147
91153
91161
91219
91228
91228
91231
91236
91251
91263
91317
91331
91337
91340
91354
91363
91367
91383
91383
91386
91397
91418
91434
91438
91442
91445
91449
91464
91496
91519
91521
91540
91542
91542
91544
91557
91573
91585
91611
91619
91665
91682
91688
91725
91741
91745
91745
91757
91769
91771
91773
91776
91776
91776
91777
91796
91806
91819
91834
91838
91847
91848
91868
91868
91870
91870
91895
91930
91952
91971
91979
92018
92053
92069
92072
92076
92076
92107
92132
92137
92147
92177
92177
92189
92196
92210
92213
92216
92220
92230
92240
92255
92257
92268
92315
92335
92338
92338
92354
92357
92357
92392
92428
92428
92441
92482
92490
92498
92505
92524
92531
92546
92547
92585
92591
92591
92591
92613
92621
92636
92649
92649
92649
92654
92665
92665
92668
92678
92681
92693
92693
92699
92706
92706
92735
92751
92775
92780
92797
92826
92826
92837
92847
92847
92854
92868
92879
92880
92918
92925
92925
92925
92930
92961
92961
92961
92978
92978
92978
92982
93005
93021
93023
93023
93023
93024
93033
93033
93044
93048
93048
93050
93076
93078
93092
93098
93108
93112
93158
93162
93164
93164
93180
93186
93186
93188
93188
93193
93193
93204
93204
93205
93214
93214
93239
93244
93257
93257
93265
93299
93320
93328
93373
93377
93382
93382
93384
93410
93420
93430
93450
93494
93494
93498
93513
93526
93537
93542
93583
93583
93593
93609
93629
93631
93678
93683
93701
93718
93734
93746
93746
93776
93783
93799
93824
93851
93851
93864
93864
93867
93879
93879
93879
93893
93896
93898
93906
93906
93918
93925
93927
93937
93949
93952
93962
93999
94004
94012
94030
94030
94038
94062
94069
94069
94079
94109
94124
94138
94150
94161
94177
94180
94202
94214
94223
94234
94243
94245
94248
94248
94266
94276
94276
94361
94380
94385
94385
94385
94387
94399
94413
94413
94418
94423
94430
94451
94455
94455
94481
94481
94501
94501
94501
94501
94510
94519
94569
94571
94571
94572
94572
94577
94613
94619
94619
94622
94631
94641
94648
94648
94657
94703
94710
94710
94751
94767
94791
94791
94827
94830
94830
94854
94877
94913
94922
94924
94924
94948
94948
94962
94966
94981
94994
95000
95002
95002
95009
95023
95033
95033
95036
95050
95050
95066
95075
95101
95112
95113
95126
95128
95142
95163
95176
95223
95224
95241
95241
95262
95300
95304
95304
95304
95304
95316
95360
95375
95395
95418
95418
95457
95462
95483
95483
95487
95487
95499
95543
95554
95578
95581
95620
95628
95628
95628
95638
95642
95644
95644
95656
95668
95676
95676
95701
95705
95719
95719
95722
95740
95740
95740
95741
95744
95744
95750
95778
95791
95793
95804
95837
95847
95851
95863
95863
95885
95904
95904
95904
95921
95923
95924
95924
95930
95955
95963
96002
96002
96007
96039
96055
96094
96101
96109
96125
96172
96180
96192
96293
96302
96308
96308
96311
96311
96340
96355
96377
96407
96407
96417
96431
96431
96431
96431
96441
96455
96463
96473
96482
96504
96506
96529
96549
96593
96593
96628
96628
96631
96644
96661
96671
96713
96713
96725
96748
96748
96752
96781
96781
96800
96800
96814
96819
96838
96838
96846
96851
96858
96897
96910
96954
96973
96973
96992
97008
97008
97008
97034
97034
97059
97059
97059
97059
97082
97099
97121
97125
97126
97128
97153
97206
97206
97215
97232
97232
97238
97242
97252
97294
97294
97299
97299
97323
97339
97365
97365
97369
97386
97386
97393
97395
97408
97421
97451
97467
97467
97475
97478
97478
97478
97485
97485
97513
97514
97514
97516
97529
97529
97539
97547
97549
97563
97579
97580
97599
97605
97616
97624
97628
97628
97638
97661
97661
97669
97683
97687
97689
97707
97714
97730
97732
97736
97736
97736
97749
97755
97778
97795
97804
97813
97817
97860
97881
97881
97901
97905
97943
97946
97954
97962
97981
97992
98007
98019
98027
98031
98050
98051
98056
98075
98075
98077
98079
98094
98107
98107
98162
98166
98176
98218
98218
98237
98256
98263
98272
98277
98284
98284
98304
98315
98380
98381
98385
98438
98448
98449
98456
98513
98517
98518
98519
98551
98562
98590
98639
98669
98677
98691
98691
98706
98713
98743
98745
98745
98751
98774
98774
98785
98785
98814
98871
98879
98904
98904
98923
98923
98934
98934
98940
98953
98953
98973
98973
98973
98979
98988
98988
98988
98999
99028
99028
99028
99028
99051
99052
99055
99062
99062
99085
99098
99120
99120
99126
99132
99140
99143
99155
99178
99182
99193
99199
99203
99225
99246
99278
99329
99340
99365
99371
99382
99385
99385
99406
99423
99425
99460
99461
99474
99509
99543
99543
99564
99581
99597
99613
99613
99613
99616
99616
99626
99635
99646
99656
99656
99678
99712
99725
99729
99757
99769
99773
99778
99779
99802
99812
99812
99846
99849
99857
99857
99874
99885
99893
99903
99903
99926
99932
99942
99969
99987
99989
100007
100018
100037
100041
100042
100066
100066
100067
100076
100102
100102
100102
100135
100144
100161
100171
100193
100196
100196
100200
100215
100225
100234
100241
100259
100268
100290
100309
100326
100326
100337
100345
100403
100420
100449
100462
100496
100509
100551
100581
100582
100597
100614
100619
100623
100625
100625
100680
100689
100690
100705
100707
100713
100713
100761
100776
100801
100803
100813
100815
100815
100822
100840
100853
100860
100861
100861
100876
100876
100885
100907
100927
100931
100931
100932
100976
100976
100979
101015
101025
101025
101033
101087
101092
101107
101122
101125
101142
101142
101158
101164
101164
101175
101207
101225
101227
101227
101233
101240
101240
101248
101248
101254
101258
101261
101267
101276
101288
101345
101345
101351
101364
101368
101376
101413
101420
101427
101439
101443
101443
101444
101477
101499
101504
101505
101524
101551
101551
101551
101559
101608
101626
101634
101662
101667
101676
101693
101715
101737
101741
101744
101744
101754
101759
101771
101786
101795
101805
101819
101819
101876
101891
101905
101905
101908
101908
101908
101911
101931
101934
101943
101945
101977
102001
102013
102033
102048
102055
102110
102133
102165
102174
102180
102191
102191
102197
102197
102197
102209
102212
102238
102245
102246
102250
102262
102280
102300
102315
102332
102350
102360
102378
102379
102407
102410
102427
102452
102462
102476
102498
102520
102522
102543
102566
102588
102612
102626
102650
102666
102666
102675
102677
102694
102694
102694
102698
102698
102736
102747
102752
102764
102771
102775
102799
102799
102799
102800
102805
102811
102846
102851
102860
102865
102880
102883
102885
102895
102895
102902
102902
102919
102920
102948
102971
102973
102974
102976
102981
102989
103014
103014
103033
103036
103050
103057
103058
103088
103108
103118
103123
103162
103185
103185
103192
103194
103194
103196
103196
103204
103236
103268
103268
103311
103324
103352
103352
103352
103361
103362
103374
103375
103379
103382
103382
103404
103444
103457
103457
103457
103495
103505
103505
103523
103536
103557
103557
103557
103586
103604
103617
103627
103627
103629
103640
103669
103680
103682
103682
103684
103693
103697
103724
103741
103749
103759
103774
103774
103796
103796
103805
103817
103824
103849
103849
103859
103866
103866
103869
103887
103896
103896
103926
103974
103995
104006
104023
104024
104048
104067
104069
104093
104103
104118
104133
104162
104179
104194
104214
104226
104253
104255
104298
104305
104310
104322
104323
104334
104335
104335
104355
104365
104370
104379
104395
104402
104402
104407
104420
104425
104464
104475
104475
104481
104496
104501
104517
104520
104520
104552
104564
104566
104579
104607
104607
104629
104638
104646
104650
104663
104666
104686
104702
104717
104738
104740
104740
104740
104756
104756
104789
104843
104846
104883
104889
104921
104933
104938
104947
104956
104956
104973
104992
104992
104999
105011
105017
105029
105039
105057
105060
105076
105099
105124
105124
105129
105134
105152
105155
105167
105181
105192
105197
105228
105232
105243
105266
105269
105269
105281
105282
105282
105283
105283
105296
105298
105306
105319
105343
105348
105356
105365
105365
105393
105425
105428
105448
105448
105448
105473
105490
105500
105501
105520
105525
105533
105533
105560
105569
105572
105581
105581
105585
105593
105597
105602
105615
105622
105632
105637
105644
105680
105705
105749
105749
105779
105787
105795
105805
105814
105814
105832
105833
105840
105859
105864
105864
105867
105898
105911
105915
105936
105939
105940
105941
105947
105957
105957
105959
105973
105984
105986
105997
105997
106011
106051
106074
106081
106081
106081
106098
106116
106128
106138
106161
106220
106243
106243
106271
106271
106278
106278
106280
106351
106351
106377
106410
106418
106420
106420
106426
106433
106436
106454
106473
106478
106502
106504
106505
106514
106525
106533
106561
106565
106568
106583
106583
106597
106601
106601
106614
106614
106616
106620
106626
106628
106660
106672
106681
106681
106697
106698
106735
106754
106788
106813
106856
106865
106871
106890
106902
106913
106918
106923
106923
106923
106950
106956
106975
106975
106990
106990
106996
107000
107007
107007
107047
107054
107071
107073
107073
107076
107079
107091
107099
107099
107099
107108
107119
107119
107121
107126
107139
107139
107139
107152
107155
107229
107258
107275
107284
107293
107316
107343
107343
107351
107356
107357
107388
107388
107405
107416
107445
107445
107469
107487
107490
107500
107500
107506
107513
107529
107529
107529
107537
107549
107549
107549
107552
107556
107556
107557
107627
107644
107650
107650
107650
107653
107674
107688
107692
107693
107698
107700
107717
107722
107727
107756
107759
107773
107799
107822
107826
107852
107858
107889
107896
107902
107902
107902
107938
107942
107963
107963
108021
108043
108052
108091
108091
108121
108121
108121
108121
108153
108163
108173
108184
108214
108214
108242
108245
108245
108245
108283
108283
108292
108310
108310
108310
108312
108315
108326
108333
108345
108351
108358
108365
108367
108382
108397
108399
108417
108429
108435
108446
108466
108490
108502
108514
108514
108515
108516
108517
108521
108560
108579
108590
108596
108596
108596
108602
108606
108613
108618
108645
108661
108666
108705
108725
108736
108736
108741
108744
108751
108768
108768
108770
108780
108783
108785
108840
108847
108848
108854
108876
108884
108937
108977
108995
109016
109016
109021
109053
109053
109079
109090
109137
109140
109140
109140
109145
109159
109176
109180
109182
109188
109231
109240
109254
109254
109262
109266
109278
109278
109278
109294
109306
109309
109334
109334
109343
109343
109343
109379
109391
109393
109399
109438
109497
109522
109529
109538
109539
109546
109549
109555
109555
109555
109563
109564
109580
109585
109589
109639
109688
109737
109758
109769
109770
109778
109778
109790
109790
109812
109820
109826
109826
109833
109833
109841
109845
109845
109864
109873
109881
109908
109916
109928
109930
109961
109980
110023
110031
110037
110040
110119
110143
110147
110156
110197
110197
110197
110197
110197
110212
110219
110233
110233
110233
110237
110246
110251
110254
110279
110281
110281
110311
110318
110324
110331
110336
110358
110374
110379
110386
110417
110429
110452
110463
110495
110499
110503
110503
110514
110514
110548
110558
110558
110578
110578
110594
110610
110612
110623
110625
110633
110643
110676
110680
110680
110700
110755
110773
110786
110811
110812
110816
110824
110830
110856
110856
110863
110869
110880
110922
110924
110982
110982
110997
110997
111013
111015
111021
111052
111060
111071
111077
111100
111137
111146
111154
111166
111176
111185
111188
111191
111271
111283
111299
111342
111367
111414
111457
111458
111474
111494
111495
111497
111547
111560
111563
111563
111588
111651
111655
111655
111686
111701
111729
111752
111753
111753
111766
111772
111772
111794
111813
111813
111830
111836
111844
111844
111849
111862
111927
111937
111941
111945
111953
111963
111970
111984
111984
111991
111996
112001
112002
112038
112045
112102
112107
112147
112152
112180
112181
112203
112203
112203
112203
112255
112258
112276
112318
112333
112357
112366
112375
112405
112415
112478
112482
112522
112572
112601
112619
112622
112635
112645
112662
112662
112691
112742
112764
112764
112774
112775
112870
112870
112876
112880
112896
112905
112911
112921
112946
112967
112990
112990
112994
112999
113009
113009
113014
113055
113058
113081
113102
113111
113117
113118
113122
113135
113139
113148
113148
113158
113169
113210
113214
113230
113262
113271
113315
113321
113333
113338
113388
113436
113470
113472
113472
113519
113521
113521
113540
113540
113540
113542
113546
113548
113553
113577
113580
113580
113606
113615
113628
113628
113629
113645
113663
113667
113685
113715
113719
113731
113732
113732
113732
113732
113734
113750
113763
113772
113781
113790
113794
113815
113821
113867
113872
113882
113902
113910
113929
113947
113948
113962
113971
113971
113978
113999
114009
114026
114032
114032
114032
114053
114055
114057
114060
114072
114077
114090
114118
114130
114130
114144
114168
114173
114189
114189
114206
114211
114222
114222
114228
114247
114282
114294
114302
114328
114368
114388
114400
114400
114433
114465
114479
114493
114506
114509
114517
114526
114532
114563
114563
114573
114579
114591
114641
114644
114652
114678
114726
114744
114754
114761
114774
114783
114783
114802
114815
114837
114843
114856
114856
114864
114912
114924
114945
114962
114974
114981
115005
115006
115006
115021
115028
115038
115038
115038
115055
115062
115077
115080
115092
115092
115094
115122
115135
115140
115144
115153
115162
115164
115164
115164
115176
115176
115178
115186
115229
115229
115250
115277
115328
115329
115339
115339
115364
115379
115394
115394
115412
115432
115442
115468
115481
115484
115484
115494
115509
115518
115536
115548
115560
115592
115597
115597
115597
115606
115623
115627
115630
115647
115650
115650
115657
115664
115674
115682
115685
115686
115721
115728
115730
115738
115741
115753
115764
115809
115813
115842
115883
115916
115975
115975
115975
115975
116040
116051
116051
116053
116053
116059
116083
116096
116105
116123
116125
116130
116133
116137
116141
116150
116150
116150
116155
116161
116161
116170
116172
116182
116199
116199
116238
116238
116244
116244
116266
116266
116268
116268
116275
116276
116276
116290
116303
116303
116311
116325
116325
116331
116332
116350
116364
116370
116378
116389
116408
116420
116425
116439
116450
116452
116463
116474
116512
116536
116544
116548
116555
116555
116561
116576
116588
116599
116609
116623
116637
116643
116646
116652
116656
116659
116673
116676
116717
116722
116723
116735
116735
116735
116735
116738
116746
116748
116765
116765
116778
116803
116810
116824
116824
116857
116873
116878
116887
116901
116935
116968
116997
117006
117006
117007
117016
117025
117025
117029
117072
117080
117088
117139
117165
117171
117176
117182
117195
117205
117208
117249
117303
117307
117341
117360
117362
117363
117363
117363
117409
117439
117440
117459
117472
117521
117521
117521
117524
117524
117556
117565
117565
117578
117625
117636
117636
117643
117649
117666
117669
117681
117696
117704
117707
117707
117708
117708
117708
117708
117709
117709
117709
117724
117726
117731
117731
117755
117785
117791
117791
117796
117797
117800
117808
117811
117811
117828
117839
117849
117853
117854
117871
117875
117893
117916
117930
117932
117968
117982
118011
118040
118047
118095
118095
118111
118120
118128
118135
118170
118175
118175
118179
118187
118201
118204
118216
118249
118268
118269
118278
118291
118294
118302
118307
118334
118382
118394
118398
118398
118401
118435
118466
118475
118481
118483
118510
118518
118521
118521
118531
118557
118558
118583
118604
118604
118623
118628
118628
118631
118648
118679
118681
118695
118705
118707
118730
118826
118834
118840
118851
118854
118860
118878
118893
118907
118924
118949
118949
118949
118949
118958
118965
118978
118989
119005
119005
119014
119030
119035
119037
119038
119038
119073
119086
119106
119114
119115
119124
119139
119140
119144
119146
119146
119146
119146
119169
119173
119184
119213
119230
119245
119245
119250
119276
119276
119285
119317
119333
119352
119367
119367
119382
119391
119425
119425
119425
119443
119476
119484
119501
119509
119510
119514
119515
119515
119521
119527
119534
119537
119541
119560
119560
119574
119583
119589
119610
119614
119617
119658
119658
119692
119722
119723
119734
119762
119766
119788
119795
119805
119805
119816
119816
119836
119866
119892
119926
119933
119950
119955
119963
119971
119987
119987
119987
119999
119999
120034
120060
120084
120090
120091
120186
120200
120209
120215
120257
120257
120257
120264
120284
120289
120315
120338
120343
120356
120394
120394
120412
120412
120436
120459
120482
120513
120513
120518
120522
120529
120537
120540
120565
120586
120606
120610
120617
120728
120734
120735
120778
120785
120785
120810
120816
120849
120856
120875
120880
120909
120909
120946
120953
120967
120969
120972
120972
120993
121003
121003
121034
121041
121041
121049
121049
121049
121051
121080
121098
121105
121123
121145
121159
121163
121171
121174
121183
121183
121183
121191
121196
121201
121243
121247
121257
121257
121271
121276
121294
121310
121340
121354
121364
121368
121382
121394
121411
121421
121423
121423
121434
121470
121474
121476
121491
121499
121554
121556
121569
121574
121580
121588
121597
121597
121610
121639
121663
121671
121674
121678
121678
121685
121690
121690
121706
121722
121741
121741
121742
121756
121756
121766
121766
121766
121774
121774
121774
121783
121783
121792
121792
121801
121842
121844
121860
121861
121879
121887
121897
121897
121897
121897
121918
121920
121920
121940
121940
121950
121950
121981
121981
121982
121999
122020
122032
122032
122046
122068
122071
122071
122081
122081
122120
122120
122160
122167
122169
122169
122175
122184
122200
122212
122230
122282
122282
122293
122305
122318
122323
122323
122330
122340
122355
122365
122365
122380
122423
122424
122432
122436
122436
122440
122442
122464
122471
122475
122475
122475
122478
122486
122509
122530
122536
122543
122577
122586
122596
122599
122599
122634
122650
122651
122651
122659
122672
122679
122687
122691
122696
122696
122704
122718
122740
122740
122756
122784
122784
122784
122829
122833
122835
122843
122849
122860
122880
122903
122919
122930
122931
122931
122940
122980
122983
122997
123007
123010
123020
123032
123043
123046
123094
123094
123132
123132
123136
123140
123149
123151
123160
123165
123188
123197
123201
123219
123255
123279
123279
123289
123304
123321
123362
123362
123364
123372
123376
123381
123421
123431
123439
123448
123468
123468
123498
123502
123503
123507
123533
123547
123567
123578
123581
123581
123613
123616
123631
123647
123666
123667
123684
123684
123684
123684
123692
123703
123730
123734
123751
123756
123773
123782
123791
123823
123834
123834
123834
123847
123866
123923
123926
123931
123934
123938
123949
123964
123964
124002
124039
124039
124061
124067
124067
124082
124087
124095
124106
124120
124127
124127
124142
124166
124177
124185
124211
124234
124259
124259
124263
124283
124289
124319
124326
124335
124353
124360
124397
124397
124410
124427
124443
124451
124461
124472
124472
124477
124478
124504
124504
124504
124516
124516
124520
124531
124550
124552
124561
124586
124613
124617
124629
124636
124636
124681
124681
124681
124717
124742
124761
124770
124800
124820
124820
124826
124830
124837
124840
124842
124855
124865
124869
124882
124882
124884
124936
124939
124939
124952
124965
124985
124992
124992
124992
124992
124993
125009
125013
125018
125023
125034
125083
125107
125114
125119
125120
125197
125200
125205
125209
125250
125257
125276
125293
125295
125302
125308
125334
125336
125366
125397
125398
125403
125408
125414
125423
125430
125459
125488
125506
125521
125529
125549
125549
125563
125567
125577
125582
125589
125594
125603
125649
125666
125694
125696
125712
125719
125723
125760
125760
125776
125798
125806
125821
125832
125846
125846
125860
125883
125884
125892
125904
125906
125918
125939
125952
125952
125953
125967
125994
126001
126006
126040
126042
126050
126056
126064
126086
126087
126110
126118
126122
126130
126131
126177
126192
126199
126199
126213
126254
126254
126270
126274
126316
126336
126347
126358
126360
126376
126381
126390
126390
126405
126414
126417
126422
126424
126424
126424
126424
126431
126442
126442
126452
126456
126456
126458
126458
126466
126479
126494
126494
126558
126558
126558
126581
126595
126607
126626
126626
126644
126644
126654
126679
126695
126743
126743
126743
126757
126772
126772
126800
126800
126811
126818
126867
126881
126881
126919
126940
126940
126940
126979
127024
127032
127039
127044
127057
127070
127109
127130
127153
127159
127159
127183
127183
127190
127217
127217
127220
127234
127252
127253
127253
127262
127265
127266
127289
127391
127391
127393
127432
127437
127455
127473
127473
127474
127500
127545
127545
127553
127575
127600
127600
127611
127621
127647
127654
127675
127677
127679
127682
127699
127705
127706
127708
127716
127726
127747
127763
127775
127775
127800
127800
127808
127816
127824
127824
127827
127866
127867
127867
127871
127876
127884
127888
127895
127904
127904
127909
127910
127912
127912
127912
127912
127916
127916
127916
127924
127924
127928
127931
127933
127935
127935
127935
127966
127976
127986
128002
128012
128012
128012
128041
128058
128076
128090
128107
128107
128111
128114
128139
128139
128139
128140
128142
128148
128160
128189
128201
128207
128211
128228
128247
128281
128312
128329
128331
128334
128359
128374
128374
128380
128380
128380
128392
128410
128418
128425
128427
128438
128449
128473
128494
128522
128532
128544
128544
128550
128550
128604
128610
128610
128618
128618
128642
128705
128730
128741
128741
128741
128776
128776
128781
128785
128797
128812
128822
128822
128851
128890
128901
128901
128931
128931
128943
128945
128947
128959
128965
128965
128973
129017
129032
129032
129050
129091
129098
129098
129100
129110
129142
129159
129160
129165
129165
129181
129199
129229
129263
129278
129314
129318
129371
129390
129408
129456
129465
129465
129483
129483
129489
129512
129515
129547
129564
129578
129587
129652
129661
129665
129667
129674
129679
129693
129702
129715
129723
129736
129741
129767
129775
129779
129782
129789
129789
129792
129817
129833
129836
129853
129880
129880
129898
129966
129974
130004
130046
130067
130082
130107
130117
130205
130217
130275
130297
130303
130310
130316
130316
130330
130395
130411
130414
130438
130438
130474
130501
130509
130518
130533
130538
130542
130564
130572
130587
130589
130589
130596
130596
130609
130620
130630
130642
130663
130668
130705
130711
130742
130742
130749
130764
130782
130788
130793
130802
130808
130842
130846
130856
130861
130866
130873
130951
130960
130960
130980
130986
130994
131002
131002
131021
131024
131032
131066
131086
131090
131109
131124
131130
131153
131181
131181
131199
131207
131207
131216
131221
131229
131229
131266
131273
131273
131313
131374
131382
131415
131415
131423
131423
131427
131466
131479
131496
131503
131507
131536
131546
131550
131569
131579
131589
131589
131635
131694
131704
131709
131709
131709
131732
131737
131758
131763
131764
131768
131774
131779
131791
131824
131850
131851
131863
131883
131893
131918
131934
131934
131961
131975
131980
131980
132002
132005
132007
132012
132045
132065
132082
132092
132126
132149
132166
132175
132180
132190
132205
132228
132233
132234
132273
132276
132283
132304
132314
132315
132326
132338
132344
132350
132355
132385
132405
132405
132407
132421
132421
132430
132446
132467
132484
132484
132490
132498
132510
132521
132539
132545
132590
132591
132594
132605
132606
132606
132610
132622
132627
132658
132658
132700
132702
132703
132705
132717
132718
132753
132763
132772
132785
132785
132798
132808
132818
132818
132832
132847
132888
132888
132888
132891
132891
132908
132908
132913
132922
132927
132948
132948
132958
133010
133028
133095
133095
133118
133120
133140
133170
133234
133250
133252
133270
133287
133295
133333
133350
133350
133381
133381
133396
133404
133404
133404
133404
133411
133423
133441
133461
133468
133480
133500
133513
133522
133547
133568
133581
133588
133601
133605
133610
133610
133616
133621
133631
133634
133648
133679
133699
133699
133700
133701
133717
133723
133741
133742
133764
133770
133770
133770
133783
133787
133787
133791
133791
133791
133791
133827
133839
133840
133850
133853
133855
133855
133861
133863
133871
133877
133877
133897
133906
133937
133937
133984
133989
133997
134008
134027
134032
134039
134045
134083
134083
134091
134091
134098
134098
134103
134121
134140
134143
134145
134145
134146
134146
134146
134191
134214
134235
134245
134249
134249
134259
134276
134291
134294
134348
134372
134372
134397
134397
134397
134397
134403
134419
134419
134419
134428
134447
134447
134447
134483
134510
134521
134524
134524
134529
134557
134568
134577
134577
134608
134637
134648
134666
134668
134668
134669
134705
134711
134751
134760
134781
134802
134802
134805
134847
134851
134853
134864
134867
134904
134931
134938
134947
134985
134992
135013
135034
135043
135067
135108
135108
135140
135145
135145
135166
135166
135166
135176
135193
135219
135219
135221
135223
135227
135260
135275
135277
135296
135296
135304
135331
135356
135363
135363
135376
135379
135384
135408
135413
135465
135481
135499
135524
135529
135529
135529
135540
135574
135575
135575
135579
135595
135615
135623
135630
135630
135636
135643
135661
135675
135680
135680
135694
135707
135713
135733
135748
135764
135764
135764
135771
135843
135863
135868
135902
135909
135909
135919
135929
135929
135940
135982
135985
135991
135999
136022
136030
136034
136044
136046
136124
136141
136207
136210
136245
136263
136282
136286
136296
136296
136305
136305
136305
136312
136320
136358
136367
136394
136394
136396
136402
136434
136466
136468
136479
136502
136502
136526
136548
136564
136586
136590
136622
136622
136629
136646
136646
136646
136662
136666
136666
136684
136687
136721
136736
136753
136754
136765
136769
136805
136811
136811
136813
136833
136865
136865
136867
136879
136889
136910
136950
136961
136962
136974
136986
137022
137053
137073
137073
137100
137100
137107
137176
137176
137206
137211
137216
137230
137232
137244
137251
137266
137266
137281
137284
137290
137305
137305
137310
137345
137345
137345
137351
137351
137384
137385
137386
137386
137397
137418
137420
137424
137427
137427
137447
137449
137449
137499
137526
137553
137567
137578
137649
137669
137686
137712
137736
137744
137758
137777
137777
137786
137797
137797
137836
137847
137889
137889
137897
137925
137963
137993
137993
138020
138033
138058
138067
138085
138089
138092
138112
138112
138119
138120
138123
138132
138141
138149
138149
138155
138171
138213
138224
138233
138236
138242
138272
138286
138287
138321
138354
138357
138361
138362
138362
138371
138384
138385
138395
138421
138443
138443
138443
138460
138461
138464
138490
138520
138528
138531
138531
138595
138609
138624
138630
138638
138639
138639
138639
138641
138656
138672
138735
138741
138759
138765
138765
138769
138769
138783
138798
138812
138812
138851
138901
138937
138939
138943
138985
138985
138998
138999
139015
139018
139055
139067
139082
139103
139114
139114
139125
139138
139162
139172
139172
139183
139200
139201
139209
139223
139235
139235
139255
139263
139266
139292
139296
139315
139315
139333
139337
139343
139361
139373
139379
139420
139420
139456
139457
139474
139479
139486
139504
139522
139530
139533
139555
139555
139557
139570
139575
139628
139645
139645
139652
139665
139672
139672
139677
139698
139700
139702
139702
139713
139790
139815
139823
139826
139826
139839
139866
139871
139877
139890
139905
139916
139929
139940
139972
139975
140017
140034
140034
140038
140050
140068
140076
140076
140090
140090
140095
140103
140103
140111
140112
140112
140114
140122
140124
140127
140130
140134
140141
140178
140181
140210
140210
140223
140254
140294
140300
140306
140324
140345
140405
140405
140413
140430
140430
140451
140468
140496
140503
140583
140592
140611
140611
140616
140625
140627
140640
140640
140640
140695
140698
140719
140719
140737
140751
140759
140773
140792
140792
140803
140828
140844
140857
140872
140884
140905
140905
140912
140912
140912
140916
140927
140933
140933
140933
140943
140952
140952
140953
140962
140967
140973
140978
140991
140999
141003
141007
141007
141015
141029
141029
141066
141079
141086
141117
141123
141141
141158
141162
141211
141212
141212
141229
141239
141239
141275
141279
141312
141347
141371
141375
141386
141417
141417
141427
141427
141448
141450
141450
141497
141497
141508
141518
141520
141520
141525
141533
141533
141554
141566
141566
141569
141576
141581
141595
141609
141609
141653
141690
141698
141713
141713
141720
141725
141725
141737
141741
141747
141747
141759
141774
141776
141805
141815
141822
141843
141849
141858
141858
141865
141865
141877
141894
141895
141919
141934
141951
141957
142008
142014
142022
142038
142041
142059
142064
142074
142087
142087
142088
142103
142105
142116
142116
142165
142177
142181
142193
142205
142208
142218
142218
142218
142238
142245
142248
142258
142258
142258
142258
142274
142284
142305
142316
142340
142349
142363
142363
142375
142389
142413
142413
142430
142445
142447
142448
142455
142458
142488
142492
142535
142535
142535
142537
142548
142553
142576
142579
142583
142583
142591
142608
142609
142654
142665
142665
142675
142675
142693
142708
142745
142745
142777
142786
142791
142808
142810
142814
142814
142814
142814
142820
142820
142834
142841
142850
142863
142863
142884
142900
142918
142940
142994
142995
142995
143004
143017
143026
143045
143058
143070
143070
143070
143092
143118
143141
143169
143174
143191
143191
143263
143275
143275
143309
143311
143311
143330
143346
143356
143375
143375
143375
143383
143395
143400
143408
143422
143431
143449
143461
143461
143484
143493
143500
143530
143534
143553
143570
143601
143617
143648
143660
143661
143668
143701
143711
143717
143732
143745
143755
143768
143770
143777
143782
143793
143799
143828
143837
143844
143893
143907
143915
143920
143921
143921
143938
143955
143981
144001
144001
144008
144084
144086
144086
144086
144093
144145
144154
144194
144203
144216
144216
144216
144281
144287
144287
144287
144297
144302
144308
144308
144318
144318
144322
144328
144328
144348
144358
144364
144366
144373
144375
144411
144435
144456
144456
144491
144495
144519
144521
144530
144530
144544
144544
144544
144545
144545
144555
144555
144564
144569
144592
144600
144648
144664
144664
144685
144689
144689
144701
144721
144733
144739
144742
144750
144755
144793
144830
144835
144840
144858
144870
144870
144888
144922
144935
144942
144942
144952
144952
144964
144964
144998
145017
145041
145106
145140
